<?xml version="1.0" encoding="UTF-8"?>
<testng-results skipped="0" failed="0" total="1" passed="1">
  <reporter-output>
  </reporter-output>
  <suite name="NFHS - Purchase_Course_functionality" duration-ms="37408" started-at="2015-11-05T09:55:34Z" finished-at="2015-11-05T09:56:12Z">
    <groups>
    </groups>
    <test name="purchase free course for MySelf." duration-ms="37408" started-at="2015-11-05T09:55:34Z" finished-at="2015-11-05T09:56:12Z">
      <class name="com.zinghr.login.index.LoginIndex">
        <test-method status="PASS" signature="fetchSuiteConfiguration(org.testng.ITestContext)[pri:0, instance:com.zinghr.login.index.LoginIndex@6aaa5eb0]" name="fetchSuiteConfiguration" is-config="true" duration-ms="10" started-at="2015-11-05T15:25:34Z" finished-at="2015-11-05T15:25:34Z">
          <params>
            <param index="0">
              <value>
                <![CDATA[org.testng.TestRunner@11fc564b]]>
              </value>
            </param>
          </params>
          <reporter-output>
          </reporter-output>
        </test-method> <!-- fetchSuiteConfiguration -->
        <test-method status="PASS" signature="setUp(java.lang.reflect.Method, org.testng.ITestContext)[pri:0, instance:com.zinghr.login.index.LoginIndex@6aaa5eb0]" name="setUp" is-config="true" duration-ms="26588" started-at="2015-11-05T15:25:34Z" finished-at="2015-11-05T15:26:01Z">
          <params>
            <param index="0">
              <value>
                <![CDATA[public void com.zinghr.login.index.LoginIndex.purchaseFreeCourseForMySelfFunctionality()]]>
              </value>
            </param>
            <param index="1">
              <value>
                <![CDATA[org.testng.TestRunner@11fc564b]]>
              </value>
            </param>
          </params>
          <reporter-output>
          </reporter-output>
        </test-method> <!-- setUp -->
        <test-method status="PASS" signature="purchaseFreeCourseForMySelfFunctionality()[pri:0, instance:com.zinghr.login.index.LoginIndex@6aaa5eb0]" name="purchaseFreeCourseForMySelfFunctionality" duration-ms="1" started-at="2015-11-05T15:26:01Z" finished-at="2015-11-05T15:26:01Z">
          <reporter-output>
          </reporter-output>
        </test-method> <!-- purchaseFreeCourseForMySelfFunctionality -->
        <test-method status="PASS" signature="tearDown(org.testng.ITestResult)[pri:0, instance:com.zinghr.login.index.LoginIndex@6aaa5eb0]" name="tearDown" is-config="true" duration-ms="10793" started-at="2015-11-05T15:26:01Z" finished-at="2015-11-05T15:26:12Z">
          <params>
            <param index="0">
              <value>
                <![CDATA[[TestResult name=purchaseFreeCourseForMySelfFunctionality status=SUCCESS method=LoginIndex.purchaseFreeCourseForMySelfFunctionality()[pri:0, instance:com.zinghr.login.index.LoginIndex@6aaa5eb0] output={null}]]]>
              </value>
            </param>
          </params>
          <reporter-output>
          </reporter-output>
        </test-method> <!-- tearDown -->
      </class> <!-- com.zinghr.login.index.LoginIndex -->
    </test> <!-- purchase free course for MySelf. -->
  </suite> <!-- NFHS - Purchase_Course_functionality -->
</testng-results>
