<?xml version="1.0" encoding="UTF-8"?>
<testsuite name="TestSuite" time="0.05" tests="1" errors="0" skipped="0" failures="1">
  <properties>
[...]
</properties>
  <testcase name="purchaseFreeCourseForMySelfFunctionality" classname="com.zinghr.login.index.LoginIndex" time="0.05">
    <failure message="expected [true] but found [false]" type="java.lang.AssertionError">java.lang.AssertionError: expected [true] but found [false]
	at org.testng.Assert.fail(Assert.java:94)
	at org.testng.Assert.failNotEquals(Assert.java:494)
	at org.testng.Assert.assertTrue(Assert.java:42)
	at org.testng.Assert.assertTrue(Assert.java:52)
	at com.zinghr.login.index.LoginIndex.purchaseFreeCourseForMySelfFunctionality(LoginIndex.java:24)
</failure>
    <system-out><![CDATA[...
... TestNG 6.8.9beta by Cédric Beust (cedric@beust.com)
...

======http://qa.zinghr.com/2015/pages/authentication/login.aspx=========
=========firefox Driver ==========
Current Window Handle ID:--->{5e4272cc-d268-4e4a-ad20-6dd99c4f537e}
Current Xml Suite is:---->NFHS - Purchase_Course_functionality
]]></system-out>
  </testcase>
</testsuite>