<?xml version="1.0" encoding="UTF-8"?>
<testng-results skipped="0" failed="1" total="1" passed="0">
  <reporter-output>
    <line>
      <![CDATA[<br></br>Testcase Id : Setup_02 ]]>
    </line>
    <line>
      <![CDATA[<br></br>Testcase Discription : To test TNA functionality ]]>
    </line>
    <line>
      <![CDATA[<br></br>Testcase Id : Setup_03 ]]>
    </line>
    <line>
      <![CDATA[<br></br>Testcase Discription : To test TNA functionality ]]>
    </line>
    <line>
      <![CDATA[<br></br>Testcase Id : Setup_04 ]]>
    </line>
    <line>
      <![CDATA[<br></br>Testcase Discription : To test TNA functionality ]]>
    </line>
    <line>
      <![CDATA[<br></br>Step 1 : Open url:<a>http://qa.zinghr.com/2015/pages/authentication/login.aspx</a>]]>
    </line>
    <line>
      <![CDATA[<br></br>Step 2: Enter Company Code:KIWIQA]]>
    </line>
    <line>
      <![CDATA[<br></br>Step 3: Enter Employee Code: Admin]]>
    </line>
    <line>
      <![CDATA[<br></br>Step 4: Enter Password: Admin@123]]>
    </line>
    <line>
      <![CDATA[<br></br>Verify that Home page is open or not]]>
    </line>
    <line>
      <![CDATA[<Strong><font color=#008000>Pass</font></strong>]]>
    </line>
    <line>
      <![CDATA[<br></br>Step 5: Click on Proceed Button]]>
    </line>
    <line>
      <![CDATA[<br></br>Step 6: Click on Setting Icon]]>
    </line>
    <line>
      <![CDATA[<br></br>Step 7: Click on Time and attendence option from Circle]]>
    </line>
    <line>
      <![CDATA[<br> <b>Please look to the screenshot - </b>]]>
    </line>
    <line>
      <![CDATA[<br><Strong><font color=#FF0000>--Failed</font></strong>]]>
    </line>
    <line>
      <![CDATA[<a href='../test-output/screenshots/1109120814831timeAndAttendancePage.png' target='_new'>1109120814831timeAndAttendancePage.png</a>]]>
    </line>
    <line>
      <![CDATA[<br></br><h3>Failure Reason:</h3>]]>
    </line>
    <line>
      <![CDATA[<br></br>org.openqa.selenium.NoSuchElementException: Timed out after 15 seconds. Unable to locate the element]]>
    </line>
  </reporter-output>
  <suite name="ZingHr - Time and Attendance Setup" duration-ms="144226" started-at="2015-11-09T06:35:51Z" finished-at="2015-11-09T06:38:16Z">
    <groups>
    </groups>
    <test name="Time And Attendance Page" duration-ms="144226" started-at="2015-11-09T06:35:51Z" finished-at="2015-11-09T06:38:16Z">
      <class name="com.zinghr.tna.index.SettingsTimeAttendanceSetupIndex">
        <test-method status="PASS" signature="fetchSuiteConfiguration(org.testng.ITestContext)[pri:0, instance:com.zinghr.tna.index.SettingsTimeAttendanceSetupIndex@35f983a6]" name="fetchSuiteConfiguration" is-config="true" duration-ms="18" started-at="2015-11-09T12:05:51Z" finished-at="2015-11-09T12:05:51Z">
          <params>
            <param index="0">
              <value>
                <![CDATA[org.testng.TestRunner@b9b00e0]]>
              </value>
            </param>
          </params>
          <reporter-output>
          </reporter-output>
        </test-method> <!-- fetchSuiteConfiguration -->
        <test-method status="PASS" signature="setUp(java.lang.reflect.Method, org.testng.ITestContext)[pri:0, instance:com.zinghr.tna.index.SettingsTimeAttendanceSetupIndex@35f983a6]" name="setUp" is-config="true" duration-ms="18120" started-at="2015-11-09T12:05:51Z" finished-at="2015-11-09T12:06:10Z">
          <params>
            <param index="0">
              <value>
                <![CDATA[public void com.zinghr.tna.index.SettingsTimeAttendanceSetupIndex.timeAndAttendancePage()]]>
              </value>
            </param>
            <param index="1">
              <value>
                <![CDATA[org.testng.TestRunner@b9b00e0]]>
              </value>
            </param>
          </params>
          <reporter-output>
          </reporter-output>
        </test-method> <!-- setUp -->
        <test-method status="FAIL" signature="timeAndAttendancePage()[pri:0, instance:com.zinghr.tna.index.SettingsTimeAttendanceSetupIndex@35f983a6]" name="timeAndAttendancePage" duration-ms="124750" started-at="2015-11-09T12:06:10Z" finished-at="2015-11-09T12:08:14Z">
          <exception class="org.openqa.selenium.NoSuchElementException">
            <message>
              <![CDATA[Timed out after 15 seconds. Unable to locate the element
For documentation on this error, please visit: http://seleniumhq.org/exceptions/no_such_element.html
Build info: version: '2.47.1', revision: '411b314', time: '2015-07-30 03:03:16'
System info: host: 'Dell-PC', ip: '192.168.1.90', os.name: 'Windows 8.1', os.arch: 'amd64', os.version: '6.3', java.version: '1.8.0_51'
Driver info: driver.version: RemoteWebDriver]]>
            </message>
            <full-stacktrace>
              <![CDATA[org.openqa.selenium.NoSuchElementException: Timed out after 15 seconds. Unable to locate the element
For documentation on this error, please visit: http://seleniumhq.org/exceptions/no_such_element.html
Build info: version: '2.47.1', revision: '411b314', time: '2015-07-30 03:03:16'
System info: host: 'Dell-PC', ip: '192.168.1.90', os.name: 'Windows 8.1', os.arch: 'amd64', os.version: '6.3', java.version: '1.8.0_51'
Driver info: driver.version: RemoteWebDriver
	at org.openqa.selenium.support.pagefactory.AjaxElementLocator.findElement(AjaxElementLocator.java:89)
	at org.openqa.selenium.support.pagefactory.internal.LocatingElementHandler.invoke(LocatingElementHandler.java:38)
	at com.sun.proxy.$Proxy7.getWrappedElement(Unknown Source)
	at org.openqa.selenium.remote.internal.WebElementToJsonConverter.apply(WebElementToJsonConverter.java:49)
	at com.google.common.collect.Iterators$8.transform(Iterators.java:799)
	at com.google.common.collect.TransformedIterator.next(TransformedIterator.java:48)
	at com.google.common.collect.Iterators.addAll(Iterators.java:362)
	at com.google.common.collect.Lists.newArrayList(Lists.java:160)
	at com.google.common.collect.Lists.newArrayList(Lists.java:144)
	at org.openqa.selenium.remote.RemoteWebDriver.executeScript(RemoteWebDriver.java:502)
	at com.zinghr.init.Common.highlightElement(Common.java:929)
	at com.zinghr.init.Common.clickOn(Common.java:519)
	at com.zinghr.tna.indexpage.SettingsTimeAttendanceSetupIndexPage.clickTimeAndAttendenseFromCircle(SettingsTimeAttendanceSetupIndexPage.java:47)
	at com.zinghr.tna.indexpage.SettingsTimeAttendanceSetupIndexPage.TimeAndAttendancePageOpen(SettingsTimeAttendanceSetupIndexPage.java:66)
	at com.zinghr.tna.index.SettingsTimeAttendanceSetupIndex.timeAndAttendancePage(SettingsTimeAttendanceSetupIndex.java:48)
	at sun.reflect.NativeMethodAccessorImpl.invoke0(Native Method)
	at sun.reflect.NativeMethodAccessorImpl.invoke(Unknown Source)
	at sun.reflect.DelegatingMethodAccessorImpl.invoke(Unknown Source)
	at java.lang.reflect.Method.invoke(Unknown Source)
	at org.testng.internal.MethodInvocationHelper.invokeMethod(MethodInvocationHelper.java:85)
	at org.testng.internal.Invoker.invokeMethod(Invoker.java:639)
	at org.testng.internal.Invoker.invokeTestMethod(Invoker.java:816)
	at org.testng.internal.Invoker.invokeTestMethods(Invoker.java:1124)
	at org.testng.internal.TestMethodWorker.invokeTestMethods(TestMethodWorker.java:125)
	at org.testng.internal.TestMethodWorker.run(TestMethodWorker.java:108)
	at org.testng.TestRunner.privateRun(TestRunner.java:774)
	at org.testng.TestRunner.run(TestRunner.java:624)
	at org.testng.SuiteRunner.runTest(SuiteRunner.java:359)
	at org.testng.SuiteRunner.runSequentially(SuiteRunner.java:354)
	at org.testng.SuiteRunner.privateRun(SuiteRunner.java:312)
	at org.testng.SuiteRunner.run(SuiteRunner.java:261)
	at org.testng.SuiteRunnerWorker.runSuite(SuiteRunnerWorker.java:52)
	at org.testng.SuiteRunnerWorker.run(SuiteRunnerWorker.java:86)
	at org.testng.TestNG.runSuitesSequentially(TestNG.java:1215)
	at org.testng.TestNG.runSuitesLocally(TestNG.java:1140)
	at org.testng.TestNG.run(TestNG.java:1048)
	at org.testng.remote.RemoteTestNG.run(RemoteTestNG.java:112)
	at org.testng.remote.RemoteTestNG.initAndRun(RemoteTestNG.java:205)
	at org.testng.remote.RemoteTestNG.main(RemoteTestNG.java:176)
Caused by: org.openqa.selenium.NoSuchElementException: Unable to locate element: {"method":"xpath","selector":"//div[@id='dvTNA']/p[1]"}
For documentation on this error, please visit: http://seleniumhq.org/exceptions/no_such_element.html
Build info: version: '2.46.0', revision: '87c69e2', time: '2015-06-04 16:16:47'
System info: host: 'Dell-PC', ip: '192.168.1.90', os.name: 'Windows 8.1', os.arch: 'amd64', os.version: '6.3', java.version: '1.8.0_51'
Driver info: driver.version: unknown
Command duration or timeout: 30.46 seconds
For documentation on this error, please visit: http://seleniumhq.org/exceptions/no_such_element.html
Build info: version: '2.47.1', revision: '411b314', time: '2015-07-30 03:03:16'
System info: host: 'Dell-PC', ip: '192.168.1.90', os.name: 'Windows 8.1', os.arch: 'amd64', os.version: '6.3', java.version: '1.8.0_51'
Driver info: org.openqa.selenium.remote.RemoteWebDriver
Capabilities [{applicationCacheEnabled=true, rotatable=false, handlesAlerts=true, databaseEnabled=true, version=41.0.2, platform=WINDOWS, nativeEvents=false, acceptSslCerts=true, webdriver.remote.sessionid=21be3607-62f3-4848-baf1-aa9a59569ff3, webStorageEnabled=true, locationContextEnabled=true, browserName=firefox, takesScreenshot=true, javascriptEnabled=true, cssSelectorsEnabled=true}]
Session ID: 21be3607-62f3-4848-baf1-aa9a59569ff3
*** Element info: {Using=xpath, value=//div[@id='dvTNA']/p[1]}
	at sun.reflect.NativeConstructorAccessorImpl.newInstance0(Native Method)
	at sun.reflect.NativeConstructorAccessorImpl.newInstance(Unknown Source)
	at sun.reflect.DelegatingConstructorAccessorImpl.newInstance(Unknown Source)
	at java.lang.reflect.Constructor.newInstance(Unknown Source)
	at org.openqa.selenium.remote.ErrorHandler.createThrowable(ErrorHandler.java:206)
	at org.openqa.selenium.remote.ErrorHandler.throwIfResponseFailed(ErrorHandler.java:158)
	at org.openqa.selenium.remote.RemoteWebDriver.execute(RemoteWebDriver.java:595)
	at org.openqa.selenium.remote.RemoteWebDriver.findElement(RemoteWebDriver.java:348)
	at org.openqa.selenium.remote.RemoteWebDriver.findElementByXPath(RemoteWebDriver.java:445)
	at org.openqa.selenium.By$ByXPath.findElement(By.java:358)
	at org.openqa.selenium.remote.RemoteWebDriver.findElement(RemoteWebDriver.java:340)
	at org.openqa.selenium.support.pagefactory.DefaultElementLocator.findElement(DefaultElementLocator.java:69)
	at org.openqa.selenium.support.pagefactory.AjaxElementLocator.access$0(AjaxElementLocator.java:1)
	at org.openqa.selenium.support.pagefactory.AjaxElementLocator$SlowLoadingElement.isLoaded(AjaxElementLocator.java:157)
	at org.openqa.selenium.support.ui.SlowLoadableComponent.get(SlowLoadableComponent.java:70)
	at org.openqa.selenium.support.pagefactory.AjaxElementLocator.findElement(AjaxElementLocator.java:87)
	... 38 more
Caused by: org.openqa.selenium.remote.ScreenshotException: Screen shot has been taken
Build info: version: '2.47.1', revision: '411b314', time: '2015-07-30 03:03:16'
System info: host: 'Dell-PC', ip: '192.168.1.90', os.name: 'Windows 8.1', os.arch: 'amd64', os.version: '6.3', java.version: '1.8.0_51'
Driver info: driver.version: RemoteWebDriver
	at org.openqa.selenium.remote.ErrorHandler.throwIfResponseFailed(ErrorHandler.java:138)
	... 48 more
Caused by: org.openqa.selenium.NoSuchElementException: Unable to locate element: {"method":"xpath","selector":"//div[@id='dvTNA']/p[1]"}
For documentation on this error, please visit: http://seleniumhq.org/exceptions/no_such_element.html
Build info: version: '2.46.0', revision: '87c69e2', time: '2015-06-04 16:16:47'
System info: host: 'Dell-PC', ip: '192.168.1.90', os.name: 'Windows 8.1', os.arch: 'amd64', os.version: '6.3', java.version: '1.8.0_51'
Driver info: driver.version: unknown
For documentation on this error, please visit: http://seleniumhq.org/exceptions/no_such_element.html
Build info: version: '2.47.1', revision: '411b314', time: '2015-07-30 03:03:16'
System info: host: 'Dell-PC', ip: '192.168.1.90', os.name: 'Windows 8.1', os.arch: 'amd64', os.version: '6.3', java.version: '1.8.0_51'
Driver info: driver.version: unknown
	at <anonymous class>.FirefoxDriver.prototype.findElementInternal_(file:///C:/Users/Dell/AppData/Local/Temp/anonymous2486424542284673135webdriver-profile/extensions/fxdriver@googlecode.com/components/driver-component.js:10299)
	at <anonymous class>.fxdriver.Timer.prototype.setTimeout/<.notify(file:///C:/Users/Dell/AppData/Local/Temp/anonymous2486424542284673135webdriver-profile/extensions/fxdriver@googlecode.com/components/driver-component.js:603)
]]>
            </full-stacktrace>
          </exception> <!-- org.openqa.selenium.NoSuchElementException -->
          <reporter-output>
            <line>
              <![CDATA[<br></br>Testcase Id : Setup_02 ]]>
            </line>
            <line>
              <![CDATA[<br></br>Testcase Discription : To test TNA functionality ]]>
            </line>
            <line>
              <![CDATA[<br></br>Testcase Id : Setup_03 ]]>
            </line>
            <line>
              <![CDATA[<br></br>Testcase Discription : To test TNA functionality ]]>
            </line>
            <line>
              <![CDATA[<br></br>Testcase Id : Setup_04 ]]>
            </line>
            <line>
              <![CDATA[<br></br>Testcase Discription : To test TNA functionality ]]>
            </line>
            <line>
              <![CDATA[<br></br>Step 1 : Open url:<a>http://qa.zinghr.com/2015/pages/authentication/login.aspx</a>]]>
            </line>
            <line>
              <![CDATA[<br></br>Step 2: Enter Company Code:KIWIQA]]>
            </line>
            <line>
              <![CDATA[<br></br>Step 3: Enter Employee Code: Admin]]>
            </line>
            <line>
              <![CDATA[<br></br>Step 4: Enter Password: Admin@123]]>
            </line>
            <line>
              <![CDATA[<br></br>Verify that Home page is open or not]]>
            </line>
            <line>
              <![CDATA[<Strong><font color=#008000>Pass</font></strong>]]>
            </line>
            <line>
              <![CDATA[<br></br>Step 5: Click on Proceed Button]]>
            </line>
            <line>
              <![CDATA[<br></br>Step 6: Click on Setting Icon]]>
            </line>
            <line>
              <![CDATA[<br></br>Step 7: Click on Time and attendence option from Circle]]>
            </line>
            <line>
              <![CDATA[<br> <b>Please look to the screenshot - </b>]]>
            </line>
            <line>
              <![CDATA[<br><Strong><font color=#FF0000>--Failed</font></strong>]]>
            </line>
            <line>
              <![CDATA[<a href='../test-output/screenshots/1109120814831timeAndAttendancePage.png' target='_new'>1109120814831timeAndAttendancePage.png</a>]]>
            </line>
            <line>
              <![CDATA[<br></br><h3>Failure Reason:</h3>]]>
            </line>
            <line>
              <![CDATA[<br></br>org.openqa.selenium.NoSuchElementException: Timed out after 15 seconds. Unable to locate the element]]>
            </line>
          </reporter-output>
        </test-method> <!-- timeAndAttendancePage -->
        <test-method status="PASS" signature="tearDown(org.testng.ITestResult)[pri:0, instance:com.zinghr.tna.index.SettingsTimeAttendanceSetupIndex@35f983a6]" name="tearDown" is-config="true" duration-ms="1290" started-at="2015-11-09T12:08:14Z" finished-at="2015-11-09T12:08:16Z">
          <params>
            <param index="0">
              <value>
                <![CDATA[[TestResult name=timeAndAttendancePage status=FAILURE method=SettingsTimeAttendanceSetupIndex.timeAndAttendancePage()[pri:0, instance:com.zinghr.tna.index.SettingsTimeAttendanceSetupIndex@35f983a6] output=<br></br>Testcase Id : Setup_02 ]]]>
              </value>
            </param>
          </params>
          <reporter-output>
          </reporter-output>
        </test-method> <!-- tearDown -->
      </class> <!-- com.zinghr.tna.index.SettingsTimeAttendanceSetupIndex -->
    </test> <!-- Time And Attendance Page -->
  </suite> <!-- ZingHr - Time and Attendance Setup -->
</testng-results>
