<?xml version="1.0" encoding="UTF-8"?>
<testng-results skipped="0" failed="0" total="7" passed="7">
  <reporter-output>
    <line>
      <![CDATA[<br></br>Step 1 : Open url:<a>http://automation.zinghr.com/2015/pages/Authentication/login.aspx</a>]]>
    </line>
    <line>
      <![CDATA[<br></br>Verify that ZingHR login page is open or not.]]>
    </line>
    <line>
      <![CDATA[<br><Strong><font color=#008000>Pass</font></strong>]]>
    </line>
    <line>
      <![CDATA[<br></br>Step 2: Enter Company Code:KIWIQA]]>
    </line>
    <line>
      <![CDATA[<br></br>Step 3: Enter Employee Code: Admin]]>
    </line>
    <line>
      <![CDATA[<br></br>Step 4: Enter Password: Admin@123]]>
    </line>
    <line>
      <![CDATA[<br></br>Step 1 : Open url:<a>http://automation.zinghr.com/2015/pages/Authentication/login.aspx</a>]]>
    </line>
    <line>
      <![CDATA[<br></br>Verify that ZingHR login page is open or not.]]>
    </line>
    <line>
      <![CDATA[<br><Strong><font color=#008000>Pass</font></strong>]]>
    </line>
    <line>
      <![CDATA[<br></br>Step 1 : Open url:<a>http://automation.zinghr.com/2015/pages/Authentication/login.aspx</a>]]>
    </line>
    <line>
      <![CDATA[<br></br>Verify that ZingHR login page is open or not.]]>
    </line>
    <line>
      <![CDATA[<br><Strong><font color=#008000>Pass</font></strong>]]>
    </line>
    <line>
      <![CDATA[<br></br>Step 2: Enter Company Code:KIWIQA]]>
    </line>
    <line>
      <![CDATA[<br></br>Company code field id editable or not]]>
    </line>
    <line>
      <![CDATA[<br><Strong><font color=#008000>Pass</font></strong>]]>
    </line>
    <line>
      <![CDATA[<br></br>Verify that Home page is open or not]]>
    </line>
    <line>
      <![CDATA[<br><Strong><font color=#008000>Pass</font></strong>]]>
    </line>
    <line>
      <![CDATA[<br></br>Step 1 : Open url:<a>http://automation.zinghr.com/2015/pages/Authentication/login.aspx</a>]]>
    </line>
    <line>
      <![CDATA[<br></br>Verify that ZingHR login page is open or not.]]>
    </line>
    <line>
      <![CDATA[<br><Strong><font color=#008000>Pass</font></strong>]]>
    </line>
    <line>
      <![CDATA[<br></br>Step 2: Enter Employeey Code:Admin]]>
    </line>
    <line>
      <![CDATA[<br></br>Employee code field id editable or not]]>
    </line>
    <line>
      <![CDATA[<br><Strong><font color=#008000>Pass</font></strong>]]>
    </line>
    <line>
      <![CDATA[<br></br>Step 1 : Open url:<a>http://automation.zinghr.com/2015/pages/Authentication/login.aspx</a>]]>
    </line>
    <line>
      <![CDATA[<br></br>Verify that ZingHR login page is open or not.]]>
    </line>
    <line>
      <![CDATA[<br><Strong><font color=#008000>Pass</font></strong>]]>
    </line>
    <line>
      <![CDATA[<br></br>To verify that alert message is displayed if user logins with empty Company Code]]>
    </line>
    <line>
      <![CDATA[<br><Strong><font color=#008000>Pass</font></strong>]]>
    </line>
    <line>
      <![CDATA[<br></br>Step 1 : Open url:<a>http://automation.zinghr.com/2015/pages/Authentication/login.aspx</a>]]>
    </line>
    <line>
      <![CDATA[<br></br>Verify that ZingHR login page is open or not.]]>
    </line>
    <line>
      <![CDATA[<br><Strong><font color=#008000>Pass</font></strong>]]>
    </line>
    <line>
      <![CDATA[<br></br>Step 2: Enter Employeey Code:Admin]]>
    </line>
    <line>
      <![CDATA[<br></br>To verify that alert message is displayed if user logins with empty Employee Code]]>
    </line>
    <line>
      <![CDATA[<br><Strong><font color=#008000>Pass</font></strong>]]>
    </line>
    <line>
      <![CDATA[<br></br>Step 1 : Open url:<a>http://automation.zinghr.com/2015/pages/Authentication/login.aspx</a>]]>
    </line>
    <line>
      <![CDATA[<br></br>Verify that ZingHR login page is open or not.]]>
    </line>
    <line>
      <![CDATA[<br><Strong><font color=#008000>Pass</font></strong>]]>
    </line>
    <line>
      <![CDATA[<br></br>Step 2: Enter Company Code:KIWIQA]]>
    </line>
    <line>
      <![CDATA[<br></br>Step 3: Enter Employeey Code:Admin]]>
    </line>
    <line>
      <![CDATA[<br></br>To verify that alert message is displayed if user logins with empty password]]>
    </line>
    <line>
      <![CDATA[<br><Strong><font color=#008000>Pass</font></strong>]]>
    </line>
  </reporter-output>
  <suite name="Login" duration-ms="76139" started-at="2015-11-09T04:34:31Z" finished-at="2015-11-09T04:35:47Z">
    <groups>
    </groups>
    <test name="login page verification" duration-ms="25309" started-at="2015-11-09T04:34:31Z" finished-at="2015-11-09T04:34:56Z">
      <class name="com.zinghr.login.index.LoginIndex">
        <test-method status="PASS" signature="fetchSuiteConfiguration(org.testng.ITestContext)[pri:0, instance:com.zinghr.login.index.LoginIndex@18ceff1]" name="fetchSuiteConfiguration" is-config="true" duration-ms="7" started-at="2015-11-09T10:04:31Z" finished-at="2015-11-09T10:04:31Z">
          <params>
            <param index="0">
              <value>
                <![CDATA[org.testng.TestRunner@1aeed2f]]>
              </value>
            </param>
          </params>
          <reporter-output>
          </reporter-output>
        </test-method> <!-- fetchSuiteConfiguration -->
        <test-method status="PASS" signature="setUp(java.lang.reflect.Method, org.testng.ITestContext)[pri:0, instance:com.zinghr.login.index.LoginIndex@18ceff1]" name="setUp" is-config="true" duration-ms="14493" started-at="2015-11-09T10:04:31Z" finished-at="2015-11-09T10:04:45Z">
          <params>
            <param index="0">
              <value>
                <![CDATA[public void com.zinghr.login.index.LoginIndex.loginlandingpage()]]>
              </value>
            </param>
            <param index="1">
              <value>
                <![CDATA[org.testng.TestRunner@1aeed2f]]>
              </value>
            </param>
          </params>
          <reporter-output>
          </reporter-output>
        </test-method> <!-- setUp -->
        <test-method status="PASS" signature="loginlandingpage()[pri:0, instance:com.zinghr.login.index.LoginIndex@18ceff1]" name="loginlandingpage" duration-ms="320" started-at="2015-11-09T10:04:45Z" finished-at="2015-11-09T10:04:46Z">
          <reporter-output>
            <line>
              <![CDATA[<br></br>Step 1 : Open url:<a>http://automation.zinghr.com/2015/pages/Authentication/login.aspx</a>]]>
            </line>
            <line>
              <![CDATA[<br></br>Verify that ZingHR login page is open or not.]]>
            </line>
            <line>
              <![CDATA[<br><Strong><font color=#008000>Pass</font></strong>]]>
            </line>
          </reporter-output>
        </test-method> <!-- loginlandingpage -->
        <test-method status="PASS" signature="tearDown(org.testng.ITestResult)[pri:0, instance:com.zinghr.login.index.LoginIndex@18ceff1]" name="tearDown" is-config="true" duration-ms="10477" started-at="2015-11-09T10:04:46Z" finished-at="2015-11-09T10:04:56Z">
          <params>
            <param index="0">
              <value>
                <![CDATA[[TestResult name=loginlandingpage status=SUCCESS method=LoginIndex.loginlandingpage()[pri:0, instance:com.zinghr.login.index.LoginIndex@18ceff1] output=<br></br>Step 1 : Open url:<a>http://automation.zinghr.com/2015/pages/Authentication/login.aspx</a>]]]>
              </value>
            </param>
          </params>
          <reporter-output>
          </reporter-output>
        </test-method> <!-- tearDown -->
      </class> <!-- com.zinghr.login.index.LoginIndex -->
    </test> <!-- login page verification -->
    <test name="Company code field is editable or not" duration-ms="32775" started-at="2015-11-09T04:34:31Z" finished-at="2015-11-09T04:35:04Z">
      <class name="com.zinghr.login.index.LoginIndex">
        <test-method status="PASS" signature="fetchSuiteConfiguration(org.testng.ITestContext)[pri:0, instance:com.zinghr.login.index.LoginIndex@108b2d7]" name="fetchSuiteConfiguration" is-config="true" duration-ms="7" started-at="2015-11-09T10:04:31Z" finished-at="2015-11-09T10:04:31Z">
          <params>
            <param index="0">
              <value>
                <![CDATA[org.testng.TestRunner@167c1fc]]>
              </value>
            </param>
          </params>
          <reporter-output>
          </reporter-output>
        </test-method> <!-- fetchSuiteConfiguration -->
        <test-method status="PASS" signature="setUp(java.lang.reflect.Method, org.testng.ITestContext)[pri:0, instance:com.zinghr.login.index.LoginIndex@108b2d7]" name="setUp" is-config="true" duration-ms="21652" started-at="2015-11-09T10:04:31Z" finished-at="2015-11-09T10:04:52Z">
          <params>
            <param index="0">
              <value>
                <![CDATA[public void com.zinghr.login.index.LoginIndex.compnycodeeditableornot()]]>
              </value>
            </param>
            <param index="1">
              <value>
                <![CDATA[org.testng.TestRunner@167c1fc]]>
              </value>
            </param>
          </params>
          <reporter-output>
          </reporter-output>
        </test-method> <!-- setUp -->
        <test-method status="PASS" signature="compnycodeeditableornot()[pri:0, instance:com.zinghr.login.index.LoginIndex@108b2d7]" name="compnycodeeditableornot" duration-ms="511" started-at="2015-11-09T10:04:52Z" finished-at="2015-11-09T10:04:53Z">
          <reporter-output>
            <line>
              <![CDATA[<br></br>Step 1 : Open url:<a>http://automation.zinghr.com/2015/pages/Authentication/login.aspx</a>]]>
            </line>
            <line>
              <![CDATA[<br></br>Verify that ZingHR login page is open or not.]]>
            </line>
            <line>
              <![CDATA[<br><Strong><font color=#008000>Pass</font></strong>]]>
            </line>
            <line>
              <![CDATA[<br></br>Step 2: Enter Company Code:KIWIQA]]>
            </line>
            <line>
              <![CDATA[<br></br>Company code field id editable or not]]>
            </line>
            <line>
              <![CDATA[<br><Strong><font color=#008000>Pass</font></strong>]]>
            </line>
          </reporter-output>
        </test-method> <!-- compnycodeeditableornot -->
        <test-method status="PASS" signature="tearDown(org.testng.ITestResult)[pri:0, instance:com.zinghr.login.index.LoginIndex@108b2d7]" name="tearDown" is-config="true" duration-ms="10594" started-at="2015-11-09T10:04:53Z" finished-at="2015-11-09T10:05:04Z">
          <params>
            <param index="0">
              <value>
                <![CDATA[[TestResult name=compnycodeeditableornot status=SUCCESS method=LoginIndex.compnycodeeditableornot()[pri:0, instance:com.zinghr.login.index.LoginIndex@108b2d7] output=<br></br>Step 1 : Open url:<a>http://automation.zinghr.com/2015/pages/Authentication/login.aspx</a>]]]>
              </value>
            </param>
          </params>
          <reporter-output>
          </reporter-output>
        </test-method> <!-- tearDown -->
      </class> <!-- com.zinghr.login.index.LoginIndex -->
    </test> <!-- Company code field is editable or not -->
    <test name="login with valid data" duration-ms="36238" started-at="2015-11-09T04:34:31Z" finished-at="2015-11-09T04:35:07Z">
      <class name="com.zinghr.login.index.LoginIndex">
        <test-method status="PASS" signature="fetchSuiteConfiguration(org.testng.ITestContext)[pri:0, instance:com.zinghr.login.index.LoginIndex@42b0a6]" name="fetchSuiteConfiguration" is-config="true" duration-ms="7" started-at="2015-11-09T10:04:31Z" finished-at="2015-11-09T10:04:31Z">
          <params>
            <param index="0">
              <value>
                <![CDATA[org.testng.TestRunner@1ee9faa]]>
              </value>
            </param>
          </params>
          <reporter-output>
          </reporter-output>
        </test-method> <!-- fetchSuiteConfiguration -->
        <test-method status="PASS" signature="setUp(java.lang.reflect.Method, org.testng.ITestContext)[pri:0, instance:com.zinghr.login.index.LoginIndex@42b0a6]" name="setUp" is-config="true" duration-ms="10548" started-at="2015-11-09T10:04:31Z" finished-at="2015-11-09T10:04:41Z">
          <params>
            <param index="0">
              <value>
                <![CDATA[public void com.zinghr.login.index.LoginIndex.loginwithvalidcredential()]]>
              </value>
            </param>
            <param index="1">
              <value>
                <![CDATA[org.testng.TestRunner@1ee9faa]]>
              </value>
            </param>
          </params>
          <reporter-output>
          </reporter-output>
        </test-method> <!-- setUp -->
        <test-method status="PASS" signature="loginwithvalidcredential()[pri:0, instance:com.zinghr.login.index.LoginIndex@42b0a6]" name="loginwithvalidcredential" duration-ms="14842" started-at="2015-11-09T10:04:41Z" finished-at="2015-11-09T10:04:56Z">
          <reporter-output>
            <line>
              <![CDATA[<br></br>Step 1 : Open url:<a>http://automation.zinghr.com/2015/pages/Authentication/login.aspx</a>]]>
            </line>
            <line>
              <![CDATA[<br></br>Verify that ZingHR login page is open or not.]]>
            </line>
            <line>
              <![CDATA[<br><Strong><font color=#008000>Pass</font></strong>]]>
            </line>
            <line>
              <![CDATA[<br></br>Step 2: Enter Company Code:KIWIQA]]>
            </line>
            <line>
              <![CDATA[<br></br>Step 3: Enter Employee Code: Admin]]>
            </line>
            <line>
              <![CDATA[<br></br>Step 4: Enter Password: Admin@123]]>
            </line>
            <line>
              <![CDATA[<br></br>Verify that Home page is open or not]]>
            </line>
            <line>
              <![CDATA[<br><Strong><font color=#008000>Pass</font></strong>]]>
            </line>
          </reporter-output>
        </test-method> <!-- loginwithvalidcredential -->
        <test-method status="PASS" signature="tearDown(org.testng.ITestResult)[pri:0, instance:com.zinghr.login.index.LoginIndex@42b0a6]" name="tearDown" is-config="true" duration-ms="10830" started-at="2015-11-09T10:04:56Z" finished-at="2015-11-09T10:05:07Z">
          <params>
            <param index="0">
              <value>
                <![CDATA[[TestResult name=loginwithvalidcredential status=SUCCESS method=LoginIndex.loginwithvalidcredential()[pri:0, instance:com.zinghr.login.index.LoginIndex@42b0a6] output=<br></br>Step 1 : Open url:<a>http://automation.zinghr.com/2015/pages/Authentication/login.aspx</a>]]]>
              </value>
            </param>
          </params>
          <reporter-output>
          </reporter-output>
        </test-method> <!-- tearDown -->
      </class> <!-- com.zinghr.login.index.LoginIndex -->
    </test> <!-- login with valid data -->
    <test name="Employee code field is editable or not" duration-ms="21513" started-at="2015-11-09T04:34:56Z" finished-at="2015-11-09T04:35:18Z">
      <class name="com.zinghr.login.index.LoginIndex">
        <test-method status="PASS" signature="fetchSuiteConfiguration(org.testng.ITestContext)[pri:0, instance:com.zinghr.login.index.LoginIndex@3498ed]" name="fetchSuiteConfiguration" is-config="true" duration-ms="0" started-at="2015-11-09T10:04:56Z" finished-at="2015-11-09T10:04:56Z">
          <params>
            <param index="0">
              <value>
                <![CDATA[org.testng.TestRunner@38203]]>
              </value>
            </param>
          </params>
          <reporter-output>
          </reporter-output>
        </test-method> <!-- fetchSuiteConfiguration -->
        <test-method status="PASS" signature="setUp(java.lang.reflect.Method, org.testng.ITestContext)[pri:0, instance:com.zinghr.login.index.LoginIndex@3498ed]" name="setUp" is-config="true" duration-ms="9720" started-at="2015-11-09T10:04:56Z" finished-at="2015-11-09T10:05:06Z">
          <params>
            <param index="0">
              <value>
                <![CDATA[public void com.zinghr.login.index.LoginIndex.employeecodeeditableornot()]]>
              </value>
            </param>
            <param index="1">
              <value>
                <![CDATA[org.testng.TestRunner@38203]]>
              </value>
            </param>
          </params>
          <reporter-output>
          </reporter-output>
        </test-method> <!-- setUp -->
        <test-method status="PASS" signature="employeecodeeditableornot()[pri:0, instance:com.zinghr.login.index.LoginIndex@3498ed]" name="employeecodeeditableornot" duration-ms="954" started-at="2015-11-09T10:05:06Z" finished-at="2015-11-09T10:05:07Z">
          <reporter-output>
            <line>
              <![CDATA[<br></br>Step 1 : Open url:<a>http://automation.zinghr.com/2015/pages/Authentication/login.aspx</a>]]>
            </line>
            <line>
              <![CDATA[<br></br>Verify that ZingHR login page is open or not.]]>
            </line>
            <line>
              <![CDATA[<br><Strong><font color=#008000>Pass</font></strong>]]>
            </line>
            <line>
              <![CDATA[<br></br>Step 2: Enter Employeey Code:Admin]]>
            </line>
            <line>
              <![CDATA[<br></br>Employee code field id editable or not]]>
            </line>
            <line>
              <![CDATA[<br><Strong><font color=#008000>Pass</font></strong>]]>
            </line>
          </reporter-output>
        </test-method> <!-- employeecodeeditableornot -->
        <test-method status="PASS" signature="tearDown(org.testng.ITestResult)[pri:0, instance:com.zinghr.login.index.LoginIndex@3498ed]" name="tearDown" is-config="true" duration-ms="10838" started-at="2015-11-09T10:05:07Z" finished-at="2015-11-09T10:05:18Z">
          <params>
            <param index="0">
              <value>
                <![CDATA[[TestResult name=employeecodeeditableornot status=SUCCESS method=LoginIndex.employeecodeeditableornot()[pri:0, instance:com.zinghr.login.index.LoginIndex@3498ed] output=<br></br>Step 1 : Open url:<a>http://automation.zinghr.com/2015/pages/Authentication/login.aspx</a>]]]>
              </value>
            </param>
          </params>
          <reporter-output>
          </reporter-output>
        </test-method> <!-- tearDown -->
      </class> <!-- com.zinghr.login.index.LoginIndex -->
    </test> <!-- Employee code field is editable or not -->
    <test name="Empty Company Code field" duration-ms="25694" started-at="2015-11-09T04:35:04Z" finished-at="2015-11-09T04:35:29Z">
      <class name="com.zinghr.login.index.LoginIndex">
        <test-method status="PASS" signature="setUp(java.lang.reflect.Method, org.testng.ITestContext)[pri:0, instance:com.zinghr.login.index.LoginIndex@da1055]" name="setUp" is-config="true" duration-ms="10824" started-at="2015-11-09T10:05:04Z" finished-at="2015-11-09T10:05:14Z">
          <params>
            <param index="0">
              <value>
                <![CDATA[public void com.zinghr.login.index.LoginIndex.blankcomponycode()]]>
              </value>
            </param>
            <param index="1">
              <value>
                <![CDATA[org.testng.TestRunner@c285f4]]>
              </value>
            </param>
          </params>
          <reporter-output>
          </reporter-output>
        </test-method> <!-- setUp -->
        <test-method status="PASS" signature="fetchSuiteConfiguration(org.testng.ITestContext)[pri:0, instance:com.zinghr.login.index.LoginIndex@da1055]" name="fetchSuiteConfiguration" is-config="true" duration-ms="0" started-at="2015-11-09T10:05:04Z" finished-at="2015-11-09T10:05:04Z">
          <params>
            <param index="0">
              <value>
                <![CDATA[org.testng.TestRunner@c285f4]]>
              </value>
            </param>
          </params>
          <reporter-output>
          </reporter-output>
        </test-method> <!-- fetchSuiteConfiguration -->
        <test-method status="PASS" signature="blankcomponycode()[pri:0, instance:com.zinghr.login.index.LoginIndex@da1055]" name="blankcomponycode" duration-ms="4494" started-at="2015-11-09T10:05:14Z" finished-at="2015-11-09T10:05:19Z">
          <reporter-output>
            <line>
              <![CDATA[<br></br>Step 1 : Open url:<a>http://automation.zinghr.com/2015/pages/Authentication/login.aspx</a>]]>
            </line>
            <line>
              <![CDATA[<br></br>Verify that ZingHR login page is open or not.]]>
            </line>
            <line>
              <![CDATA[<br><Strong><font color=#008000>Pass</font></strong>]]>
            </line>
            <line>
              <![CDATA[<br></br>To verify that alert message is displayed if user logins with empty Company Code]]>
            </line>
            <line>
              <![CDATA[<br><Strong><font color=#008000>Pass</font></strong>]]>
            </line>
          </reporter-output>
        </test-method> <!-- blankcomponycode -->
        <test-method status="PASS" signature="tearDown(org.testng.ITestResult)[pri:0, instance:com.zinghr.login.index.LoginIndex@da1055]" name="tearDown" is-config="true" duration-ms="10375" started-at="2015-11-09T10:05:19Z" finished-at="2015-11-09T10:05:29Z">
          <params>
            <param index="0">
              <value>
                <![CDATA[[TestResult name=blankcomponycode status=SUCCESS method=LoginIndex.blankcomponycode()[pri:0, instance:com.zinghr.login.index.LoginIndex@da1055] output=<br></br>Step 1 : Open url:<a>http://automation.zinghr.com/2015/pages/Authentication/login.aspx</a>]]]>
              </value>
            </param>
          </params>
          <reporter-output>
          </reporter-output>
        </test-method> <!-- tearDown -->
      </class> <!-- com.zinghr.login.index.LoginIndex -->
    </test> <!-- Empty Company Code field -->
    <test name="Empty Employee Code field" duration-ms="30518" started-at="2015-11-09T04:35:07Z" finished-at="2015-11-09T04:35:38Z">
      <class name="com.zinghr.login.index.LoginIndex">
        <test-method status="PASS" signature="fetchSuiteConfiguration(org.testng.ITestContext)[pri:0, instance:com.zinghr.login.index.LoginIndex@d94a8b]" name="fetchSuiteConfiguration" is-config="true" duration-ms="0" started-at="2015-11-09T10:05:07Z" finished-at="2015-11-09T10:05:07Z">
          <params>
            <param index="0">
              <value>
                <![CDATA[org.testng.TestRunner@1f3ddb1]]>
              </value>
            </param>
          </params>
          <reporter-output>
          </reporter-output>
        </test-method> <!-- fetchSuiteConfiguration -->
        <test-method status="PASS" signature="setUp(java.lang.reflect.Method, org.testng.ITestContext)[pri:0, instance:com.zinghr.login.index.LoginIndex@d94a8b]" name="setUp" is-config="true" duration-ms="16220" started-at="2015-11-09T10:05:07Z" finished-at="2015-11-09T10:05:23Z">
          <params>
            <param index="0">
              <value>
                <![CDATA[public void com.zinghr.login.index.LoginIndex.blankemployeecode()]]>
              </value>
            </param>
            <param index="1">
              <value>
                <![CDATA[org.testng.TestRunner@1f3ddb1]]>
              </value>
            </param>
          </params>
          <reporter-output>
          </reporter-output>
        </test-method> <!-- setUp -->
        <test-method status="PASS" signature="blankemployeecode()[pri:0, instance:com.zinghr.login.index.LoginIndex@d94a8b]" name="blankemployeecode" duration-ms="3777" started-at="2015-11-09T10:05:23Z" finished-at="2015-11-09T10:05:27Z">
          <reporter-output>
            <line>
              <![CDATA[<br></br>Step 1 : Open url:<a>http://automation.zinghr.com/2015/pages/Authentication/login.aspx</a>]]>
            </line>
            <line>
              <![CDATA[<br></br>Verify that ZingHR login page is open or not.]]>
            </line>
            <line>
              <![CDATA[<br><Strong><font color=#008000>Pass</font></strong>]]>
            </line>
            <line>
              <![CDATA[<br></br>Step 2: Enter Employeey Code:Admin]]>
            </line>
            <line>
              <![CDATA[<br></br>To verify that alert message is displayed if user logins with empty Employee Code]]>
            </line>
            <line>
              <![CDATA[<br><Strong><font color=#008000>Pass</font></strong>]]>
            </line>
          </reporter-output>
        </test-method> <!-- blankemployeecode -->
        <test-method status="PASS" signature="tearDown(org.testng.ITestResult)[pri:0, instance:com.zinghr.login.index.LoginIndex@d94a8b]" name="tearDown" is-config="true" duration-ms="10520" started-at="2015-11-09T10:05:27Z" finished-at="2015-11-09T10:05:38Z">
          <params>
            <param index="0">
              <value>
                <![CDATA[[TestResult name=blankemployeecode status=SUCCESS method=LoginIndex.blankemployeecode()[pri:0, instance:com.zinghr.login.index.LoginIndex@d94a8b] output=<br></br>Step 1 : Open url:<a>http://automation.zinghr.com/2015/pages/Authentication/login.aspx</a>]]]>
              </value>
            </param>
          </params>
          <reporter-output>
          </reporter-output>
        </test-method> <!-- tearDown -->
      </class> <!-- com.zinghr.login.index.LoginIndex -->
    </test> <!-- Empty Employee Code field -->
    <test name="Empty Password field" duration-ms="29273" started-at="2015-11-09T04:35:18Z" finished-at="2015-11-09T04:35:47Z">
      <class name="com.zinghr.login.index.LoginIndex">
        <test-method status="PASS" signature="fetchSuiteConfiguration(org.testng.ITestContext)[pri:0, instance:com.zinghr.login.index.LoginIndex@616ca2]" name="fetchSuiteConfiguration" is-config="true" duration-ms="1" started-at="2015-11-09T10:05:18Z" finished-at="2015-11-09T10:05:18Z">
          <params>
            <param index="0">
              <value>
                <![CDATA[org.testng.TestRunner@bd1b6a]]>
              </value>
            </param>
          </params>
          <reporter-output>
          </reporter-output>
        </test-method> <!-- fetchSuiteConfiguration -->
        <test-method status="PASS" signature="setUp(java.lang.reflect.Method, org.testng.ITestContext)[pri:0, instance:com.zinghr.login.index.LoginIndex@616ca2]" name="setUp" is-config="true" duration-ms="14721" started-at="2015-11-09T10:05:18Z" finished-at="2015-11-09T10:05:32Z">
          <params>
            <param index="0">
              <value>
                <![CDATA[public void com.zinghr.login.index.LoginIndex.blankpassword()]]>
              </value>
            </param>
            <param index="1">
              <value>
                <![CDATA[org.testng.TestRunner@bd1b6a]]>
              </value>
            </param>
          </params>
          <reporter-output>
          </reporter-output>
        </test-method> <!-- setUp -->
        <test-method status="PASS" signature="blankpassword()[pri:0, instance:com.zinghr.login.index.LoginIndex@616ca2]" name="blankpassword" duration-ms="4140" started-at="2015-11-09T10:05:32Z" finished-at="2015-11-09T10:05:36Z">
          <reporter-output>
            <line>
              <![CDATA[<br></br>Step 1 : Open url:<a>http://automation.zinghr.com/2015/pages/Authentication/login.aspx</a>]]>
            </line>
            <line>
              <![CDATA[<br></br>Verify that ZingHR login page is open or not.]]>
            </line>
            <line>
              <![CDATA[<br><Strong><font color=#008000>Pass</font></strong>]]>
            </line>
            <line>
              <![CDATA[<br></br>Step 2: Enter Company Code:KIWIQA]]>
            </line>
            <line>
              <![CDATA[<br></br>Step 3: Enter Employeey Code:Admin]]>
            </line>
            <line>
              <![CDATA[<br></br>To verify that alert message is displayed if user logins with empty password]]>
            </line>
            <line>
              <![CDATA[<br><Strong><font color=#008000>Pass</font></strong>]]>
            </line>
          </reporter-output>
        </test-method> <!-- blankpassword -->
        <test-method status="PASS" signature="tearDown(org.testng.ITestResult)[pri:0, instance:com.zinghr.login.index.LoginIndex@616ca2]" name="tearDown" is-config="true" duration-ms="10411" started-at="2015-11-09T10:05:36Z" finished-at="2015-11-09T10:05:47Z">
          <params>
            <param index="0">
              <value>
                <![CDATA[[TestResult name=blankpassword status=SUCCESS method=LoginIndex.blankpassword()[pri:0, instance:com.zinghr.login.index.LoginIndex@616ca2] output=<br></br>Step 1 : Open url:<a>http://automation.zinghr.com/2015/pages/Authentication/login.aspx</a>]]]>
              </value>
            </param>
          </params>
          <reporter-output>
          </reporter-output>
        </test-method> <!-- tearDown -->
      </class> <!-- com.zinghr.login.index.LoginIndex -->
    </test> <!-- Empty Password field -->
  </suite> <!-- Login -->
</testng-results>
