<?xml version="1.0" encoding="UTF-8"?>
<testng-results skipped="0" failed="0" total="2" passed="2">
  <reporter-output>
    <line>
      <![CDATA[<br></br>Step 1 : Open url:<a>http://automation.zinghr.com/2015/pages/Authentication/login.aspx</a>]]>
    </line>
    <line>
      <![CDATA[<br></br>Verify that ZingHR login page is open or not.]]>
    </line>
    <line>
      <![CDATA[<br><Strong><font color=#008000>Pass</font></strong>]]>
    </line>
    <line>
      <![CDATA[<br></br>Step 1 : Open url:<a>http://automation.zinghr.com/2015/pages/Authentication/login.aspx</a>]]>
    </line>
    <line>
      <![CDATA[<br></br>Verify that ZingHR login page is open or not.]]>
    </line>
    <line>
      <![CDATA[<br><Strong><font color=#008000>Pass</font></strong>]]>
    </line>
    <line>
      <![CDATA[<br></br>Step 2: Enter Company Code:KIWIQA]]>
    </line>
    <line>
      <![CDATA[<br></br>Step 3: Enter Employee Code: Admin]]>
    </line>
    <line>
      <![CDATA[<br></br>Step 4: Enter Password: Admin@123]]>
    </line>
    <line>
      <![CDATA[<br></br>Verify that Home page is open or not]]>
    </line>
    <line>
      <![CDATA[<br><Strong><font color=#008000>Pass</font></strong>]]>
    </line>
  </reporter-output>
  <suite name="Login" duration-ms="42547" started-at="2015-11-07T09:35:17Z" finished-at="2015-11-07T09:35:59Z">
    <groups>
    </groups>
    <test name="login page verification" duration-ms="23887" started-at="2015-11-07T09:35:17Z" finished-at="2015-11-07T09:35:41Z">
      <class name="com.zinghr.login.index.LoginIndex">
        <test-method status="PASS" signature="fetchSuiteConfiguration(org.testng.ITestContext)[pri:0, instance:com.zinghr.login.index.LoginIndex@13afe78]" name="fetchSuiteConfiguration" is-config="true" duration-ms="7" started-at="2015-11-07T15:05:17Z" finished-at="2015-11-07T15:05:17Z">
          <params>
            <param index="0">
              <value>
                <![CDATA[org.testng.TestRunner@1334415]]>
              </value>
            </param>
          </params>
          <reporter-output>
          </reporter-output>
        </test-method> <!-- fetchSuiteConfiguration -->
        <test-method status="PASS" signature="setUp(java.lang.reflect.Method, org.testng.ITestContext)[pri:0, instance:com.zinghr.login.index.LoginIndex@13afe78]" name="setUp" is-config="true" duration-ms="13286" started-at="2015-11-07T15:05:17Z" finished-at="2015-11-07T15:05:30Z">
          <params>
            <param index="0">
              <value>
                <![CDATA[public void com.zinghr.login.index.LoginIndex.loginlandingpage()]]>
              </value>
            </param>
            <param index="1">
              <value>
                <![CDATA[org.testng.TestRunner@1334415]]>
              </value>
            </param>
          </params>
          <reporter-output>
          </reporter-output>
        </test-method> <!-- setUp -->
        <test-method status="PASS" signature="loginlandingpage()[pri:0, instance:com.zinghr.login.index.LoginIndex@13afe78]" name="loginlandingpage" duration-ms="215" started-at="2015-11-07T15:05:30Z" finished-at="2015-11-07T15:05:30Z">
          <reporter-output>
            <line>
              <![CDATA[<br></br>Step 1 : Open url:<a>http://automation.zinghr.com/2015/pages/Authentication/login.aspx</a>]]>
            </line>
            <line>
              <![CDATA[<br></br>Verify that ZingHR login page is open or not.]]>
            </line>
            <line>
              <![CDATA[<br><Strong><font color=#008000>Pass</font></strong>]]>
            </line>
          </reporter-output>
        </test-method> <!-- loginlandingpage -->
        <test-method status="PASS" signature="tearDown(org.testng.ITestResult)[pri:0, instance:com.zinghr.login.index.LoginIndex@13afe78]" name="tearDown" is-config="true" duration-ms="10370" started-at="2015-11-07T15:05:30Z" finished-at="2015-11-07T15:05:41Z">
          <params>
            <param index="0">
              <value>
                <![CDATA[[TestResult name=loginlandingpage status=SUCCESS method=LoginIndex.loginlandingpage()[pri:0, instance:com.zinghr.login.index.LoginIndex@13afe78] output=<br></br>Step 1 : Open url:<a>http://automation.zinghr.com/2015/pages/Authentication/login.aspx</a>]]]>
              </value>
            </param>
          </params>
          <reporter-output>
          </reporter-output>
        </test-method> <!-- tearDown -->
      </class> <!-- com.zinghr.login.index.LoginIndex -->
    </test> <!-- login page verification -->
    <test name="login with valid data" duration-ms="42547" started-at="2015-11-07T09:35:17Z" finished-at="2015-11-07T09:35:59Z">
      <class name="com.zinghr.login.index.LoginIndex">
        <test-method status="PASS" signature="fetchSuiteConfiguration(org.testng.ITestContext)[pri:0, instance:com.zinghr.login.index.LoginIndex@407d53]" name="fetchSuiteConfiguration" is-config="true" duration-ms="7" started-at="2015-11-07T15:05:17Z" finished-at="2015-11-07T15:05:17Z">
          <params>
            <param index="0">
              <value>
                <![CDATA[org.testng.TestRunner@a48a4]]>
              </value>
            </param>
          </params>
          <reporter-output>
          </reporter-output>
        </test-method> <!-- fetchSuiteConfiguration -->
        <test-method status="PASS" signature="setUp(java.lang.reflect.Method, org.testng.ITestContext)[pri:0, instance:com.zinghr.login.index.LoginIndex@407d53]" name="setUp" is-config="true" duration-ms="16742" started-at="2015-11-07T15:05:17Z" finished-at="2015-11-07T15:05:33Z">
          <params>
            <param index="0">
              <value>
                <![CDATA[public void com.zinghr.login.index.LoginIndex.loginwithvalidcredential()]]>
              </value>
            </param>
            <param index="1">
              <value>
                <![CDATA[org.testng.TestRunner@a48a4]]>
              </value>
            </param>
          </params>
          <reporter-output>
          </reporter-output>
        </test-method> <!-- setUp -->
        <test-method status="PASS" signature="loginwithvalidcredential()[pri:0, instance:com.zinghr.login.index.LoginIndex@407d53]" name="loginwithvalidcredential" duration-ms="15223" started-at="2015-11-07T15:05:33Z" finished-at="2015-11-07T15:05:49Z">
          <reporter-output>
            <line>
              <![CDATA[<br></br>Step 1 : Open url:<a>http://automation.zinghr.com/2015/pages/Authentication/login.aspx</a>]]>
            </line>
            <line>
              <![CDATA[<br></br>Verify that ZingHR login page is open or not.]]>
            </line>
            <line>
              <![CDATA[<br><Strong><font color=#008000>Pass</font></strong>]]>
            </line>
            <line>
              <![CDATA[<br></br>Step 2: Enter Company Code:KIWIQA]]>
            </line>
            <line>
              <![CDATA[<br></br>Step 3: Enter Employee Code: Admin]]>
            </line>
            <line>
              <![CDATA[<br></br>Step 4: Enter Password: Admin@123]]>
            </line>
            <line>
              <![CDATA[<br></br>Verify that Home page is open or not]]>
            </line>
            <line>
              <![CDATA[<br><Strong><font color=#008000>Pass</font></strong>]]>
            </line>
          </reporter-output>
        </test-method> <!-- loginwithvalidcredential -->
        <test-method status="PASS" signature="tearDown(org.testng.ITestResult)[pri:0, instance:com.zinghr.login.index.LoginIndex@407d53]" name="tearDown" is-config="true" duration-ms="10568" started-at="2015-11-07T15:05:49Z" finished-at="2015-11-07T15:05:59Z">
          <params>
            <param index="0">
              <value>
                <![CDATA[[TestResult name=loginwithvalidcredential status=SUCCESS method=LoginIndex.loginwithvalidcredential()[pri:0, instance:com.zinghr.login.index.LoginIndex@407d53] output=<br></br>Step 1 : Open url:<a>http://automation.zinghr.com/2015/pages/Authentication/login.aspx</a>]]]>
              </value>
            </param>
          </params>
          <reporter-output>
          </reporter-output>
        </test-method> <!-- tearDown -->
      </class> <!-- com.zinghr.login.index.LoginIndex -->
    </test> <!-- login with valid data -->
  </suite> <!-- Login -->
</testng-results>
