<?xml version="1.0" encoding="UTF-8"?>
<testng-results skipped="0" failed="0" total="2" passed="2">
  <reporter-output>
    <line>
      <![CDATA[<br></br>Step 1 : Open url:<a>http://automation.zinghr.com/2015/pages/Authentication/SignUp.aspx</a>]]>
    </line>
    <line>
      <![CDATA[<br></br>Verify that ZingHR SignUp page is open or not.]]>
    </line>
    <line>
      <![CDATA[<br></br><Strong><font color=#008000>Pass</font></strong>]]>
    </line>
    <line>
      <![CDATA[<br></br>Step 1 : Open url:<a>http://automation.zinghr.com/2015/pages/Authentication/SignUp.aspx</a>]]>
    </line>
    <line>
      <![CDATA[<br></br>Verify that ZingHR SignUp page is open or not.]]>
    </line>
    <line>
      <![CDATA[<br></br><Strong><font color=#008000>Pass</font></strong>]]>
    </line>
    <line>
      <![CDATA[<br></br>Step 2: Enter company Name: Kiwitest]]>
    </line>
    <line>
      <![CDATA[<br></br>Step 3: Display Employee Name: Tester]]>
    </line>
    <line>
      <![CDATA[<br></br>Step 4: Enter Email id: tarpan999@mailinator.com]]>
    </line>
    <line>
      <![CDATA[<br></br>Step 5: Select any country]]>
    </line>
    <line>
      <![CDATA[<br></br>Step 6: Enter Contact no: 9429186891]]>
    </line>
    <line>
      <![CDATA[<br></br>To verify Activation page is open or not.]]>
    </line>
    <line>
      <![CDATA[<br></br><Strong><font color=#008000>Pass</font></strong>]]>
    </line>
  </reporter-output>
  <suite name="ZingHr - SignUp Page Verification" duration-ms="58891" started-at="2015-11-07T09:35:22Z" finished-at="2015-11-07T09:36:21Z">
    <groups>
    </groups>
    <test name="SignUp page verification" duration-ms="20065" started-at="2015-11-07T09:35:22Z" finished-at="2015-11-07T09:35:42Z">
      <class name="com.zinghr.signup.index.SignupIndex">
        <test-method status="PASS" signature="fetchSuiteConfiguration(org.testng.ITestContext)[pri:0, instance:com.zinghr.signup.index.SignupIndex@7f690630]" name="fetchSuiteConfiguration" is-config="true" duration-ms="14" started-at="2015-11-07T15:05:22Z" finished-at="2015-11-07T15:05:22Z">
          <params>
            <param index="0">
              <value>
                <![CDATA[org.testng.TestRunner@568ff82]]>
              </value>
            </param>
          </params>
          <reporter-output>
          </reporter-output>
        </test-method> <!-- fetchSuiteConfiguration -->
        <test-method status="PASS" signature="setUp(java.lang.reflect.Method, org.testng.ITestContext)[pri:0, instance:com.zinghr.signup.index.SignupIndex@7f690630]" name="setUp" is-config="true" duration-ms="8525" started-at="2015-11-07T15:05:22Z" finished-at="2015-11-07T15:05:30Z">
          <params>
            <param index="0">
              <value>
                <![CDATA[public void com.zinghr.signup.index.SignupIndex.SignUpPage() throws java.lang.Exception]]>
              </value>
            </param>
            <param index="1">
              <value>
                <![CDATA[org.testng.TestRunner@568ff82]]>
              </value>
            </param>
          </params>
          <reporter-output>
          </reporter-output>
        </test-method> <!-- setUp -->
        <test-method status="PASS" signature="SignUpPage()[pri:1, instance:com.zinghr.signup.index.SignupIndex@7f690630]" name="SignUpPage" duration-ms="1108" started-at="2015-11-07T15:05:30Z" finished-at="2015-11-07T15:05:31Z">
          <reporter-output>
            <line>
              <![CDATA[<br></br>Step 1 : Open url:<a>http://automation.zinghr.com/2015/pages/Authentication/SignUp.aspx</a>]]>
            </line>
            <line>
              <![CDATA[<br></br>Verify that ZingHR SignUp page is open or not.]]>
            </line>
            <line>
              <![CDATA[<br></br><Strong><font color=#008000>Pass</font></strong>]]>
            </line>
          </reporter-output>
        </test-method> <!-- SignUpPage -->
        <test-method status="PASS" signature="tearDown(org.testng.ITestResult)[pri:0, instance:com.zinghr.signup.index.SignupIndex@7f690630]" name="tearDown" is-config="true" duration-ms="10402" started-at="2015-11-07T15:05:31Z" finished-at="2015-11-07T15:05:42Z">
          <params>
            <param index="0">
              <value>
                <![CDATA[[TestResult name=SignUpPage status=SUCCESS method=SignupIndex.SignUpPage()[pri:1, instance:com.zinghr.signup.index.SignupIndex@7f690630] output=<br></br>Step 1 : Open url:<a>http://automation.zinghr.com/2015/pages/Authentication/SignUp.aspx</a>]]]>
              </value>
            </param>
          </params>
          <reporter-output>
          </reporter-output>
        </test-method> <!-- tearDown -->
      </class> <!-- com.zinghr.signup.index.SignupIndex -->
    </test> <!-- SignUp page verification -->
    <test name="SignUp Successfully and activation page verification" duration-ms="38805" started-at="2015-11-07T09:35:42Z" finished-at="2015-11-07T09:36:21Z">
      <class name="com.zinghr.signup.index.SignupIndex">
        <test-method status="PASS" signature="fetchSuiteConfiguration(org.testng.ITestContext)[pri:0, instance:com.zinghr.signup.index.SignupIndex@26ba2a48]" name="fetchSuiteConfiguration" is-config="true" duration-ms="0" started-at="2015-11-07T15:05:42Z" finished-at="2015-11-07T15:05:42Z">
          <params>
            <param index="0">
              <value>
                <![CDATA[org.testng.TestRunner@e1de817]]>
              </value>
            </param>
          </params>
          <reporter-output>
          </reporter-output>
        </test-method> <!-- fetchSuiteConfiguration -->
        <test-method status="PASS" signature="setUp(java.lang.reflect.Method, org.testng.ITestContext)[pri:0, instance:com.zinghr.signup.index.SignupIndex@26ba2a48]" name="setUp" is-config="true" duration-ms="7674" started-at="2015-11-07T15:05:42Z" finished-at="2015-11-07T15:05:50Z">
          <params>
            <param index="0">
              <value>
                <![CDATA[public void com.zinghr.signup.index.SignupIndex.SignUpSuccessfully() throws java.lang.Exception]]>
              </value>
            </param>
            <param index="1">
              <value>
                <![CDATA[org.testng.TestRunner@e1de817]]>
              </value>
            </param>
          </params>
          <reporter-output>
          </reporter-output>
        </test-method> <!-- setUp -->
        <test-method status="PASS" signature="SignUpSuccessfully()[pri:2, instance:com.zinghr.signup.index.SignupIndex@26ba2a48]" name="SignUpSuccessfully" duration-ms="20719" started-at="2015-11-07T15:05:50Z" finished-at="2015-11-07T15:06:10Z">
          <reporter-output>
            <line>
              <![CDATA[<br></br>Step 1 : Open url:<a>http://automation.zinghr.com/2015/pages/Authentication/SignUp.aspx</a>]]>
            </line>
            <line>
              <![CDATA[<br></br>Verify that ZingHR SignUp page is open or not.]]>
            </line>
            <line>
              <![CDATA[<br></br><Strong><font color=#008000>Pass</font></strong>]]>
            </line>
            <line>
              <![CDATA[<br></br>Step 2: Enter company Name: Kiwitest]]>
            </line>
            <line>
              <![CDATA[<br></br>Step 3: Display Employee Name: Tester]]>
            </line>
            <line>
              <![CDATA[<br></br>Step 4: Enter Email id: tarpan999@mailinator.com]]>
            </line>
            <line>
              <![CDATA[<br></br>Step 5: Select any country]]>
            </line>
            <line>
              <![CDATA[<br></br>Step 6: Enter Contact no: 9429186891]]>
            </line>
            <line>
              <![CDATA[<br></br>To verify Activation page is open or not.]]>
            </line>
            <line>
              <![CDATA[<br></br><Strong><font color=#008000>Pass</font></strong>]]>
            </line>
          </reporter-output>
        </test-method> <!-- SignUpSuccessfully -->
        <test-method status="PASS" signature="tearDown(org.testng.ITestResult)[pri:0, instance:com.zinghr.signup.index.SignupIndex@26ba2a48]" name="tearDown" is-config="true" duration-ms="10408" started-at="2015-11-07T15:06:10Z" finished-at="2015-11-07T15:06:21Z">
          <params>
            <param index="0">
              <value>
                <![CDATA[[TestResult name=SignUpSuccessfully status=SUCCESS method=SignupIndex.SignUpSuccessfully()[pri:2, instance:com.zinghr.signup.index.SignupIndex@26ba2a48] output=<br></br>Step 1 : Open url:<a>http://automation.zinghr.com/2015/pages/Authentication/SignUp.aspx</a>]]]>
              </value>
            </param>
          </params>
          <reporter-output>
          </reporter-output>
        </test-method> <!-- tearDown -->
      </class> <!-- com.zinghr.signup.index.SignupIndex -->
    </test> <!-- SignUp Successfully and activation page verification -->
  </suite> <!-- ZingHr - SignUp Page Verification -->
</testng-results>
