<?xml version="1.0" encoding="UTF-8"?>
<testng-results skipped="0" failed="4" total="28" passed="24">
  <reporter-output>
    <line>
      <![CDATA[<br></br>Test Case Id : L_08 ]]>
    </line>
    <line>
      <![CDATA[<br></br>Step 1 : Open url:<a href=http://automation.zinghr.com/2015/pages/Authentication/login.aspx>http://automation.zinghr.com/2015/pages/Authentication/login.aspx</a>]]>
    </line>
    <line>
      <![CDATA[<br></br>Verify that ZingHR login page is open or not.]]>
    </line>
    <line>
      <![CDATA[<br><Strong><font color=#008000>Pass</font></strong>]]>
    </line>
    <line>
      <![CDATA[<br></br>Step 2: Enter Company Code:KIWIQA]]>
    </line>
    <line>
      <![CDATA[<br></br>Step 3: Enter Employee Code: Admin]]>
    </line>
    <line>
      <![CDATA[<br></br>Step 4: Enter Password: Admin@123]]>
    </line>
    <line>
      <![CDATA[<br></br>Test Case Id : L_02]]>
    </line>
    <line>
      <![CDATA[<br></br>Step 1 : Open url:<a href=http://automation.zinghr.com/2015/pages/Authentication/login.aspx>http://automation.zinghr.com/2015/pages/Authentication/login.aspx</a>]]>
    </line>
    <line>
      <![CDATA[<br></br>Verify that ZingHR login page is open or not.]]>
    </line>
    <line>
      <![CDATA[<br><Strong><font color=#008000>Pass</font></strong>]]>
    </line>
    <line>
      <![CDATA[<br></br>Step 2: Enter Company Code:KIWIQA]]>
    </line>
    <line>
      <![CDATA[<br></br>Company code field id editable or not]]>
    </line>
    <line>
      <![CDATA[<br><Strong><font color=#008000>Pass</font></strong>]]>
    </line>
    <line>
      <![CDATA[<br></br>Step 1 : Open url:<a href=http://automation.zinghr.com/2015/pages/Authentication/login.aspx>http://automation.zinghr.com/2015/pages/Authentication/login.aspx</a>]]>
    </line>
    <line>
      <![CDATA[<br></br>Verify that ZingHR login page is open or not.]]>
    </line>
    <line>
      <![CDATA[<br><Strong><font color=#008000>Pass</font></strong>]]>
    </line>
    <line>
      <![CDATA[<br></br>Verify that Home page is open or not]]>
    </line>
    <line>
      <![CDATA[<br><Strong><font color=#008000>Pass</font></strong>]]>
    </line>
    <line>
      <![CDATA[<br></br>Test Case Id : L_03 ]]>
    </line>
    <line>
      <![CDATA[<br></br>Step 1 : Open url:<a href=http://automation.zinghr.com/2015/pages/Authentication/login.aspx>http://automation.zinghr.com/2015/pages/Authentication/login.aspx</a>]]>
    </line>
    <line>
      <![CDATA[<br></br>Verify that ZingHR login page is open or not.]]>
    </line>
    <line>
      <![CDATA[<br><Strong><font color=#008000>Pass</font></strong>]]>
    </line>
    <line>
      <![CDATA[<br></br>Step 2: Enter Employee Code:Admin]]>
    </line>
    <line>
      <![CDATA[<br></br>Employee code field id editable or not]]>
    </line>
    <line>
      <![CDATA[<br><Strong><font color=#008000>Pass</font></strong>]]>
    </line>
    <line>
      <![CDATA[<br></br>Test Case Id : L_04 ]]>
    </line>
    <line>
      <![CDATA[<br></br>Step 1 : Open url:<a href=http://automation.zinghr.com/2015/pages/Authentication/login.aspx>http://automation.zinghr.com/2015/pages/Authentication/login.aspx</a>]]>
    </line>
    <line>
      <![CDATA[<br></br>Verify that ZingHR login page is open or not.]]>
    </line>
    <line>
      <![CDATA[<br><Strong><font color=#008000>Pass</font></strong>]]>
    </line>
    <line>
      <![CDATA[<br></br>To verify that alert message is displayed if user logins with empty Company Code]]>
    </line>
    <line>
      <![CDATA[<br><Strong><font color=#008000>Pass</font></strong>]]>
    </line>
    <line>
      <![CDATA[<br></br>Test Case Id : L_05 ]]>
    </line>
    <line>
      <![CDATA[<br></br>Step 1 : Open url:<a href=http://automation.zinghr.com/2015/pages/Authentication/login.aspx>http://automation.zinghr.com/2015/pages/Authentication/login.aspx</a>]]>
    </line>
    <line>
      <![CDATA[<br></br>Verify that ZingHR login page is open or not.]]>
    </line>
    <line>
      <![CDATA[<br><Strong><font color=#008000>Pass</font></strong>]]>
    </line>
    <line>
      <![CDATA[<br></br>Step 2: Enter Employee Code:Admin]]>
    </line>
    <line>
      <![CDATA[<br></br>To verify that alert message is displayed if user logins with empty Employee Code]]>
    </line>
    <line>
      <![CDATA[<br><Strong><font color=#008000>Pass</font></strong>]]>
    </line>
    <line>
      <![CDATA[<br></br>Test Case Id : L_06 ]]>
    </line>
    <line>
      <![CDATA[<br></br>Step 1 : Open url:<a href=http://automation.zinghr.com/2015/pages/Authentication/login.aspx>http://automation.zinghr.com/2015/pages/Authentication/login.aspx</a>]]>
    </line>
    <line>
      <![CDATA[<br></br>Verify that ZingHR login page is open or not.]]>
    </line>
    <line>
      <![CDATA[<br><Strong><font color=#008000>Pass</font></strong>]]>
    </line>
    <line>
      <![CDATA[<br></br>Step 2: Enter Password: Admin@123]]>
    </line>
    <line>
      <![CDATA[<br></br>To verify that user is able to enter data in Password field]]>
    </line>
    <line>
      <![CDATA[<br><Strong><font color=#008000>Pass</font></strong>]]>
    </line>
    <line>
      <![CDATA[<br></br>Test Case Id : L_07 ]]>
    </line>
    <line>
      <![CDATA[<br></br>Step 1 : Open url:<a href=http://automation.zinghr.com/2015/pages/Authentication/login.aspx>http://automation.zinghr.com/2015/pages/Authentication/login.aspx</a>]]>
    </line>
    <line>
      <![CDATA[<br></br>Verify that ZingHR login page is open or not.]]>
    </line>
    <line>
      <![CDATA[<br><Strong><font color=#008000>Pass</font></strong>]]>
    </line>
    <line>
      <![CDATA[<br></br>Step 2: Enter Company Code:KIWIQA]]>
    </line>
    <line>
      <![CDATA[<br></br>Step 3: Enter Employee Code:Admin]]>
    </line>
    <line>
      <![CDATA[<br></br>To verify that alert message is displayed if user logins with empty password]]>
    </line>
    <line>
      <![CDATA[<br><Strong><font color=#008000>Pass</font></strong>]]>
    </line>
    <line>
      <![CDATA[<br></br>Test Case Id : L_10 ]]>
    </line>
    <line>
      <![CDATA[<br></br>Step 1 : Open url:<a href=http://automation.zinghr.com/2015/pages/Authentication/login.aspx>http://automation.zinghr.com/2015/pages/Authentication/login.aspx</a>]]>
    </line>
    <line>
      <![CDATA[<br></br>Verify that ZingHR login page is open or not.]]>
    </line>
    <line>
      <![CDATA[<br><Strong><font color=#008000>Pass</font></strong>]]>
    </line>
    <line>
      <![CDATA[<br></br>Step 2: Enter Company Code:KIWIQA123]]>
    </line>
    <line>
      <![CDATA[<br></br>Step 3: Enter Employee Code:Admin]]>
    </line>
    <line>
      <![CDATA[<br></br>Step 4: Enter Password: Admin@123]]>
    </line>
    <line>
      <![CDATA[<br></br>To verify that appropriate error message is displayed when user enters invalid company code]]>
    </line>
    <line>
      <![CDATA[<br><Strong><font color=#008000>Pass</font></strong>]]>
    </line>
    <line>
      <![CDATA[<br></br>Test Case Id : L_11 ]]>
    </line>
    <line>
      <![CDATA[<br></br>Step 1 : Open url:<a href=http://automation.zinghr.com/2015/pages/Authentication/login.aspx>http://automation.zinghr.com/2015/pages/Authentication/login.aspx</a>]]>
    </line>
    <line>
      <![CDATA[<br></br>Verify that ZingHR login page is open or not.]]>
    </line>
    <line>
      <![CDATA[<br><Strong><font color=#008000>Pass</font></strong>]]>
    </line>
    <line>
      <![CDATA[<br></br>Step 2: Enter Company Code:KIWIQA]]>
    </line>
    <line>
      <![CDATA[<br></br>Step 3: Enter Employee Code:Admin123]]>
    </line>
    <line>
      <![CDATA[<br></br>Step 4: Enter Password: Admin@123]]>
    </line>
    <line>
      <![CDATA[<br></br>To verify that appropriate error message is displayed when user enters invalid company code]]>
    </line>
    <line>
      <![CDATA[<br><Strong><font color=#008000>Pass</font></strong>]]>
    </line>
    <line>
      <![CDATA[<br></br>Test Case Id : L_12 ]]>
    </line>
    <line>
      <![CDATA[<br></br>Step 1 : Open url:<a href=http://automation.zinghr.com/2015/pages/Authentication/login.aspx>http://automation.zinghr.com/2015/pages/Authentication/login.aspx</a>]]>
    </line>
    <line>
      <![CDATA[<br></br>Verify that ZingHR login page is open or not.]]>
    </line>
    <line>
      <![CDATA[<br><Strong><font color=#008000>Pass</font></strong>]]>
    </line>
    <line>
      <![CDATA[<br></br>Step 2: Enter Company Code:KIWIQA]]>
    </line>
    <line>
      <![CDATA[<br></br>Step 3: Enter Employee Code:Admin]]>
    </line>
    <line>
      <![CDATA[<br></br>Step 4: Enter Password: Admin@1234]]>
    </line>
    <line>
      <![CDATA[<br></br>To verify that appropriate error message is displayed when user enters invalid company code]]>
    </line>
    <line>
      <![CDATA[<br><Strong><font color=#008000>Pass</font></strong>]]>
    </line>
    <line>
      <![CDATA[<br></br>Test Case Id : L_13 ]]>
    </line>
    <line>
      <![CDATA[<br></br>Step 1 : Open url:<a href=http://automation.zinghr.com/2015/pages/Authentication/login.aspx>http://automation.zinghr.com/2015/pages/Authentication/login.aspx</a>]]>
    </line>
    <line>
      <![CDATA[<br></br>Verify that ZingHR login page is open or not.]]>
    </line>
    <line>
      <![CDATA[<br><Strong><font color=#008000>Pass</font></strong>]]>
    </line>
    <line>
      <![CDATA[<br></br>Step 2: Enter Company Code:AMBUJA]]>
    </line>
    <line>
      <![CDATA[<br></br>Step 3: Enter Employee Code:ADMIN]]>
    </line>
    <line>
      <![CDATA[<br></br>Step 4: Enter Password: Baps@2000]]>
    </line>
    <line>
      <![CDATA[<br></br>Test Case Id : L_14 ]]>
    </line>
    <line>
      <![CDATA[<br></br>Step 1 : Open url:<a href=http://automation.zinghr.com/2015/pages/Authentication/login.aspx>http://automation.zinghr.com/2015/pages/Authentication/login.aspx</a>]]>
    </line>
    <line>
      <![CDATA[<br></br>Verify that ZingHR login page is open or not.]]>
    </line>
    <line>
      <![CDATA[<br><Strong><font color=#008000>Pass</font></strong>]]>
    </line>
    <line>
      <![CDATA[<br></br>Step 2: Enter Company Code:AMBUJA]]>
    </line>
    <line>
      <![CDATA[<br></br>Step 3: Enter Employee Code:ADMIN]]>
    </line>
    <line>
      <![CDATA[<br></br>Step 4: Enter Password: Baps@200]]>
    </line>
    <line>
      <![CDATA[<br></br>Test Case Id : L_16 ]]>
    </line>
    <line>
      <![CDATA[<br></br>Step 1 : Open url:<a href=http://automation.zinghr.com/2015/pages/Authentication/login.aspx>http://automation.zinghr.com/2015/pages/Authentication/login.aspx</a>]]>
    </line>
    <line>
      <![CDATA[<br></br>Verify that ZingHR login page is open or not.]]>
    </line>
    <line>
      <![CDATA[<br></br>To verify that appropriate message is displayed after the user's account is blocked]]>
    </line>
    <line>
      <![CDATA[<br><Strong><font color=#008000>Pass</font></strong>]]>
    </line>
    <line>
      <![CDATA[<br><Strong><font color=#008000>Pass</font></strong>]]>
    </line>
    <line>
      <![CDATA[<br></br>Step 2: Click on facebook icon.]]>
    </line>
    <line>
      <![CDATA[<br></br>To verify facebook is open.]]>
    </line>
    <line>
      <![CDATA[<br></br>Test Case Id : L_18 ]]>
    </line>
    <line>
      <![CDATA[<br></br>Step 1 : Open url:<a href=http://automation.zinghr.com/2015/pages/Authentication/login.aspx>http://automation.zinghr.com/2015/pages/Authentication/login.aspx</a>]]>
    </line>
    <line>
      <![CDATA[<br></br>Verify that ZingHR login page is open or not.]]>
    </line>
    <line>
      <![CDATA[<br><Strong><font color=#008000>Pass</font></strong>]]>
    </line>
    <line>
      <![CDATA[<br></br>Step 2: Click on Punch In button.]]>
    </line>
    <line>
      <![CDATA[<br></br>To verify that alert message is displayed if user directly clicks on 'Punch In' button]]>
    </line>
    <line>
      <![CDATA[<br><Strong><font color=#008000>Pass</font></strong>]]>
    </line>
    <line>
      <![CDATA[<br></br>To verify that after the 4 wrong attempts user's account is blocked]]>
    </line>
    <line>
      <![CDATA[<br></br>Test Case Id : L_19 ]]>
    </line>
    <line>
      <![CDATA[<br></br>Step 1 : Open url:<a href=http://automation.zinghr.com/2015/pages/Authentication/login.aspx>http://automation.zinghr.com/2015/pages/Authentication/login.aspx</a>]]>
    </line>
    <line>
      <![CDATA[<br></br>Verify that ZingHR login page is open or not.]]>
    </line>
    <line>
      <![CDATA[<br><Strong><font color=#008000>Pass</font></strong>]]>
    </line>
    <line>
      <![CDATA[<br></br>Step 2: Enter Company Code:KIWIQA]]>
    </line>
    <line>
      <![CDATA[<br></br>Step 3: Enter Password: Admin@123]]>
    </line>
    <line>
      <![CDATA[<br></br>Step 4: Click on Punch In button]]>
    </line>
    <line>
      <![CDATA[<br></br>To verify that alert message is displayed if user directly clicks on 'Punch In' button]]>
    </line>
    <line>
      <![CDATA[<br><Strong><font color=#008000>Pass</font></strong>]]>
    </line>
    <line>
      <![CDATA[<br> <b>Please look to the screenshot - </b>]]>
    </line>
    <line>
      <![CDATA[<br></br>Test Case Id : L_20 ]]>
    </line>
    <line>
      <![CDATA[<br></br>Step 1 : Open url:<a href=http://automation.zinghr.com/2015/pages/Authentication/login.aspx>http://automation.zinghr.com/2015/pages/Authentication/login.aspx</a>]]>
    </line>
    <line>
      <![CDATA[<br></br>Verify that ZingHR login page is open or not.]]>
    </line>
    <line>
      <![CDATA[<br><Strong><font color=#008000>Pass</font></strong>]]>
    </line>
    <line>
      <![CDATA[<br></br>Step 2: Enter Company Code:KIWIQA]]>
    </line>
    <line>
      <![CDATA[<br></br>Step 3: Enter Employee Code:Admin]]>
    </line>
    <line>
      <![CDATA[<br></br>Step 4: Click on Punch In button]]>
    </line>
    <line>
      <![CDATA[<br><Strong><font color=#FF0000>--Failed</font></strong>]]>
    </line>
    <line>
      <![CDATA[<a href='../test-output/screenshots/111714441290account_is_blocked.png' target='_new'>111714441290account_is_blocked.png</a>]]>
    </line>
    <line>
      <![CDATA[<br></br><h3>Failure Reason:</h3>]]>
    </line>
    <line>
      <![CDATA[<br></br>org.openqa.selenium.NoSuchElementException: Unable to locate element: {&quot;method&quot;:&quot;xpath&quot;,&quot;selector&quot;:&quot;//div[contains(text(),&apos;LOGIN FAILED&apos;)]&quot;}]]>
    </line>
    <line>
      <![CDATA[<br></br>To verify that alert message is displayed if user directly clicks on 'Punch In' button]]>
    </line>
    <line>
      <![CDATA[<br><Strong><font color=#008000>Pass</font></strong>]]>
    </line>
    <line>
      <![CDATA[<br></br>Test Case Id : L_21 ]]>
    </line>
    <line>
      <![CDATA[<br></br>Step 1 : Open url:<a href=http://automation.zinghr.com/2015/pages/Authentication/login.aspx>http://automation.zinghr.com/2015/pages/Authentication/login.aspx</a>]]>
    </line>
    <line>
      <![CDATA[<br></br>Verify that ZingHR login page is open or not.]]>
    </line>
    <line>
      <![CDATA[<br><Strong><font color=#008000>Pass</font></strong>]]>
    </line>
    <line>
      <![CDATA[<br></br>Step 2: Enter invalid Company Code:KIWIQA123]]>
    </line>
    <line>
      <![CDATA[<br></br>Step 3: Enter Employee Code:Admin]]>
    </line>
    <line>
      <![CDATA[<br></br>Step 4: Enter Password: Admin@123]]>
    </line>
    <line>
      <![CDATA[<br></br>Step 5: Click on Punch In button]]>
    </line>
    <line>
      <![CDATA[<br></br>To verify that appropriate error message is displayed if user enter invalid company code]]>
    </line>
    <line>
      <![CDATA[<br><Strong><font color=#008000>Pass</font></strong>]]>
    </line>
    <line>
      <![CDATA[<br></br>Test Case Id : L_22 ]]>
    </line>
    <line>
      <![CDATA[<br></br>Step 1 : Open url:<a href=http://automation.zinghr.com/2015/pages/Authentication/login.aspx>http://automation.zinghr.com/2015/pages/Authentication/login.aspx</a>]]>
    </line>
    <line>
      <![CDATA[<br></br>Verify that ZingHR login page is open or not.]]>
    </line>
    <line>
      <![CDATA[<br><Strong><font color=#008000>Pass</font></strong>]]>
    </line>
    <line>
      <![CDATA[<br></br>Step 2: Enter Company Code:KIWIQA]]>
    </line>
    <line>
      <![CDATA[<br></br>Step 3: Enter invalid Employee Code:Admin123]]>
    </line>
    <line>
      <![CDATA[<br></br>Step 3: Enter password:Admin@123]]>
    </line>
    <line>
      <![CDATA[<br></br>Step 4: Click on Punch In button]]>
    </line>
    <line>
      <![CDATA[<br></br>To verify that appropriate error message is displayed when user enters invalid employee code]]>
    </line>
    <line>
      <![CDATA[<br><Strong><font color=#008000>Pass</font></strong>]]>
    </line>
    <line>
      <![CDATA[<br></br>Test Case Id : L_23 ]]>
    </line>
    <line>
      <![CDATA[<br></br>Step 1 : Open url:<a href=http://automation.zinghr.com/2015/pages/Authentication/login.aspx>http://automation.zinghr.com/2015/pages/Authentication/login.aspx</a>]]>
    </line>
    <line>
      <![CDATA[<br></br>Verify that ZingHR login page is open or not.]]>
    </line>
    <line>
      <![CDATA[<br><Strong><font color=#008000>Pass</font></strong>]]>
    </line>
    <line>
      <![CDATA[<br></br>Step 2: Enter Company Code:KIWIQA]]>
    </line>
    <line>
      <![CDATA[<br></br>Step 3: Enter Employee Code:Admin]]>
    </line>
    <line>
      <![CDATA[<br></br>Step 4: Enter invalid password:Baps@200]]>
    </line>
    <line>
      <![CDATA[<br></br>Step 5: Click on Punch In button]]>
    </line>
    <line>
      <![CDATA[<br></br>To verify that appropriate error message is displayed when user Punch Ins with invalid password]]>
    </line>
    <line>
      <![CDATA[<br><Strong><font color=#008000>Pass</font></strong>]]>
    </line>
    <line>
      <![CDATA[<br></br>Test Case Id : L_24 ]]>
    </line>
    <line>
      <![CDATA[<br></br>Step 1 : Open url:<a href=http://automation.zinghr.com/2015/pages/Authentication/login.aspx>http://automation.zinghr.com/2015/pages/Authentication/login.aspx</a>]]>
    </line>
    <line>
      <![CDATA[<br></br>Verify that ZingHR login page is open or not.]]>
    </line>
    <line>
      <![CDATA[<br><Strong><font color=#008000>Pass</font></strong>]]>
    </line>
    <line>
      <![CDATA[<br></br>Step 2: Enter Company Code:KIWIQA]]>
    </line>
    <line>
      <![CDATA[<br></br>Step 3: Enter Employee Code:Admin]]>
    </line>
    <line>
      <![CDATA[<br></br>Step 4: Enter invalid password:Admin@123]]>
    </line>
    <line>
      <![CDATA[<br></br>Step 5: Click on Punch In button]]>
    </line>
    <line>
      <![CDATA[<br></br>To verify that successful message is displayed when user Punch Ins with valid credentials]]>
    </line>
    <line>
      <![CDATA[<br></br>Test Case Id : L_25 ]]>
    </line>
    <line>
      <![CDATA[<br></br>Step 1 : Open url:<a href=http://automation.zinghr.com/2015/pages/Authentication/login.aspx>http://automation.zinghr.com/2015/pages/Authentication/login.aspx</a>]]>
    </line>
    <line>
      <![CDATA[<br></br>Verify that ZingHR login page is open or not.]]>
    </line>
    <line>
      <![CDATA[<br><Strong><font color=#008000>Pass</font></strong>]]>
    </line>
    <line>
      <![CDATA[<br></br>Step 2: Enter Company Code:KIWIQA]]>
    </line>
    <line>
      <![CDATA[<br></br>Step 3: Enter Employee Code:Admin]]>
    </line>
    <line>
      <![CDATA[<br></br>Step 4: Enter invalid password:Admin@123]]>
    </line>
    <line>
      <![CDATA[<br></br>Step 5: Click on Punch In button]]>
    </line>
    <line>
      <![CDATA[<br></br>To verify that appropiate error message is displayed if the users account in not configured in DB]]>
    </line>
    <line>
      <![CDATA[<br><Strong><font color=#008000>Pass</font></strong>]]>
    </line>
    <line>
      <![CDATA[<br></br>Test Case Id : L_26 ]]>
    </line>
    <line>
      <![CDATA[<br></br>Step 1 : Open url:<a href=http://automation.zinghr.com/2015/pages/Authentication/login.aspx>http://automation.zinghr.com/2015/pages/Authentication/login.aspx</a>]]>
    </line>
    <line>
      <![CDATA[<br></br>Verify that ZingHR login page is open or not.]]>
    </line>
    <line>
      <![CDATA[<br><Strong><font color=#008000>Pass</font></strong>]]>
    </line>
    <line>
      <![CDATA[<br></br>Step 2: Enter Company Code:KIWIQA]]>
    </line>
    <line>
      <![CDATA[<br></br>Step 3: Enter Employee Code:Admin]]>
    </line>
    <line>
      <![CDATA[<br></br>Step 4: Enter invalid password:Admin@123]]>
    </line>
    <line>
      <![CDATA[<br></br>Step 5: Click on Punch In button]]>
    </line>
    <line>
      <![CDATA[<br> <b>Please look to the screenshot - </b>]]>
    </line>
    <line>
      <![CDATA[<br><Strong><font color=#FF0000>--Failed</font></strong>]]>
    </line>
    <line>
      <![CDATA[<a href='../test-output/screenshots/111714454064click_punchin_button_with_valid_data.png' target='_new'>111714454064click_punchin_button_with_valid_data.png</a>]]>
    </line>
    <line>
      <![CDATA[<br></br><h3>Failure Reason:</h3>]]>
    </line>
    <line>
      <![CDATA[<br></br>org.openqa.selenium.NoSuchElementException: Unable to locate element: {&quot;method&quot;:&quot;xpath&quot;,&quot;selector&quot;:&quot;//div[contains(text(),&apos;User Id / Password Is Incorrect.!&apos;)]&quot;}]]>
    </line>
    <line>
      <![CDATA[<br></br>To verify that appropriate alert message is displayed when user directly clicks on Punch out button without doing Punch in]]>
    </line>
    <line>
      <![CDATA[<br></br>Test Case Id : FP_02 ]]>
    </line>
    <line>
      <![CDATA[<br></br>Step 1 : Open url:<a href=http://automation.zinghr.com/2015/pages/Authentication/login.aspx>http://automation.zinghr.com/2015/pages/Authentication/login.aspx</a>]]>
    </line>
    <line>
      <![CDATA[<br></br>Verify that ZingHR login page is open or not.]]>
    </line>
    <line>
      <![CDATA[<br><Strong><font color=#008000>Pass</font></strong>]]>
    </line>
    <line>
      <![CDATA[<br></br>Step 2: Enter Company Code:KIWIQA]]>
    </line>
    <line>
      <![CDATA[<br></br>Step 3: Enter Employee Code:Admin]]>
    </line>
    <line>
      <![CDATA[<br></br>Step 4: Click Forgot Password hyperlink.]]>
    </line>
    <line>
      <![CDATA[<br></br>To verify that user is redirected to Forgot password page after clicking on Forgot Password hyperlink]]>
    </line>
    <line>
      <![CDATA[<br><Strong><font color=#008000>Pass</font></strong>]]>
    </line>
    <line>
      <![CDATA[<br></br>Step 5: Enter Company Code:KIWIQA]]>
    </line>
    <line>
      <![CDATA[<br></br>Step 6: Enter Employee Code:Admin]]>
    </line>
    <line>
      <![CDATA[<br></br>To verify that user is able to enter data in Company and Employee code field]]>
    </line>
    <line>
      <![CDATA[<br><Strong><font color=#008000>Pass</font></strong>]]>
    </line>
    <line>
      <![CDATA[<br><Strong><font color=#008000>Pass</font></strong>]]>
    </line>
    <line>
      <![CDATA[<br></br>Step 3: Click on twitter icon.]]>
    </line>
    <line>
      <![CDATA[<br></br>To verify twitter is open.]]>
    </line>
    <line>
      <![CDATA[<br> <b>Please look to the screenshot - </b>]]>
    </line>
    <line>
      <![CDATA[<br><Strong><font color=#FF0000>--Failed</font></strong>]]>
    </line>
    <line>
      <![CDATA[<a href='../test-output/screenshots/1117144613386click_punchout_button_without_punchin_procedure.png' target='_new'>1117144613386click_punchout_button_without_punchin_procedure.png</a>]]>
    </line>
    <line>
      <![CDATA[<br></br><h3>Failure Reason:</h3>]]>
    </line>
    <line>
      <![CDATA[<br></br>org.openqa.selenium.NoSuchElementException: Unable to locate element: {&quot;method&quot;:&quot;xpath&quot;,&quot;selector&quot;:&quot;//div[contains(text(),&apos;User Id / Password Is Incorrect.!&apos;)]&quot;}]]>
    </line>
    <line>
      <![CDATA[<br></br>Test Case Id : FP_03 ]]>
    </line>
    <line>
      <![CDATA[<br></br>Step 1 : Open url:<a href=http://automation.zinghr.com/2015/pages/Authentication/login.aspx>http://automation.zinghr.com/2015/pages/Authentication/login.aspx</a>]]>
    </line>
    <line>
      <![CDATA[<br></br>Verify that ZingHR login page is open or not.]]>
    </line>
    <line>
      <![CDATA[<br><Strong><font color=#008000>Pass</font></strong>]]>
    </line>
    <line>
      <![CDATA[<br></br>Step 2: Enter Company Code:KIWIQA]]>
    </line>
    <line>
      <![CDATA[<br></br>Step 3: Enter Employee Code:Admin]]>
    </line>
    <line>
      <![CDATA[<br></br>Step 4: Click Forgot Password hyperlink.]]>
    </line>
    <line>
      <![CDATA[<br><Strong><font color=#008000>Pass</font></strong>]]>
    </line>
    <line>
      <![CDATA[<br></br>Step 4: Click on youtube icon.]]>
    </line>
    <line>
      <![CDATA[<br></br>To verify that user is redirected to Forgot password page after clicking on Forgot Password hyperlink]]>
    </line>
    <line>
      <![CDATA[<br><Strong><font color=#008000>Pass</font></strong>]]>
    </line>
    <line>
      <![CDATA[<br></br>Step 5: Click on submit button]]>
    </line>
    <line>
      <![CDATA[<br></br>To verify youtube is open.]]>
    </line>
    <line>
      <![CDATA[<br></br>Test Case Id : FP_04 ]]>
    </line>
    <line>
      <![CDATA[<br></br>Step 1 : Open url:<a href=http://automation.zinghr.com/2015/pages/Authentication/login.aspx>http://automation.zinghr.com/2015/pages/Authentication/login.aspx</a>]]>
    </line>
    <line>
      <![CDATA[<br></br>Verify that ZingHR login page is open or not.]]>
    </line>
    <line>
      <![CDATA[<br><Strong><font color=#008000>Pass</font></strong>]]>
    </line>
    <line>
      <![CDATA[<br></br>Step 2: Enter Company Code:KIWIQA]]>
    </line>
    <line>
      <![CDATA[<br></br>Step 3: Enter Employee Code:Admin]]>
    </line>
    <line>
      <![CDATA[<br></br>Step 4: Click Forgot Password hyperlink.]]>
    </line>
    <line>
      <![CDATA[<br></br>To verify that appropriate alert message is displayed when user submit empty company and employee code]]>
    </line>
    <line>
      <![CDATA[<br><Strong><font color=#008000>Pass</font></strong>]]>
    </line>
    <line>
      <![CDATA[<br></br>To verify that user is redirected to Forgot password page after clicking on Forgot Password hyperlink]]>
    </line>
    <line>
      <![CDATA[<br><Strong><font color=#008000>Pass</font></strong>]]>
    </line>
    <line>
      <![CDATA[<br></br>Step 5: Click on Gplus icon.]]>
    </line>
    <line>
      <![CDATA[<br><Strong><font color=#008000>Pass</font></strong>]]>
    </line>
    <line>
      <![CDATA[<br></br>Step 5: Enter invalid Company Code:KIWIQA123]]>
    </line>
    <line>
      <![CDATA[<br></br>Step 6: Enter invalid Employee Code:Admin123]]>
    </line>
    <line>
      <![CDATA[<br></br>Step 7: Click on submit button]]>
    </line>
    <line>
      <![CDATA[<br></br>To verify Gplus is open.]]>
    </line>
    <line>
      <![CDATA[<br></br>To verify that appropriate error messages is displayed when user enters invalid Company code and Employee code]]>
    </line>
    <line>
      <![CDATA[<br><Strong><font color=#008000>Pass</font></strong>]]>
    </line>
    <line>
      <![CDATA[<br><Strong><font color=#008000>Pass</font></strong>]]>
    </line>
    <line>
      <![CDATA[<br></br>Step 6: Click on linkedin icon.]]>
    </line>
    <line>
      <![CDATA[<br></br>To verify linkedin is open.]]>
    </line>
    <line>
      <![CDATA[<br></br>Test Case Id : FP_05 ]]>
    </line>
    <line>
      <![CDATA[<br></br>Step 1 : Open url:<a href=http://automation.zinghr.com/2015/pages/Authentication/login.aspx>http://automation.zinghr.com/2015/pages/Authentication/login.aspx</a>]]>
    </line>
    <line>
      <![CDATA[<br></br>Verify that ZingHR login page is open or not.]]>
    </line>
    <line>
      <![CDATA[<br><Strong><font color=#008000>Pass</font></strong>]]>
    </line>
    <line>
      <![CDATA[<br></br>Step 2: Enter Company Code:KIWIQA]]>
    </line>
    <line>
      <![CDATA[<br></br>Step 3: Enter Employee Code:Admin]]>
    </line>
    <line>
      <![CDATA[<br></br>Step 4: Click Forgot Password hyperlink.]]>
    </line>
    <line>
      <![CDATA[<br></br>To verify that user is redirected to Forgot password page after clicking on Forgot Password hyperlink]]>
    </line>
    <line>
      <![CDATA[<br><Strong><font color=#008000>Pass</font></strong>]]>
    </line>
    <line>
      <![CDATA[<br></br>Step 5: Enter invalid Company Code:KIWIQA]]>
    </line>
    <line>
      <![CDATA[<br></br>Step 6: Enter invalid Employee Code:Admin]]>
    </line>
    <line>
      <![CDATA[<br></br>Step 7: Click on submit button]]>
    </line>
    <line>
      <![CDATA[<br></br>Test Case Id : FP_06 ]]>
    </line>
    <line>
      <![CDATA[<br></br>Step 1 : Open url:<a href=http://automation.zinghr.com/2015/pages/Authentication/login.aspx>http://automation.zinghr.com/2015/pages/Authentication/login.aspx</a>]]>
    </line>
    <line>
      <![CDATA[<br></br>Verify that ZingHR login page is open or not.]]>
    </line>
    <line>
      <![CDATA[<br><Strong><font color=#008000>Pass</font></strong>]]>
    </line>
    <line>
      <![CDATA[<br></br>Step 2: Enter Company Code:KIWIQA]]>
    </line>
    <line>
      <![CDATA[<br></br>Step 3: Enter Employee Code:Admin]]>
    </line>
    <line>
      <![CDATA[<br></br>Step 4: Click Forgot Password hyperlink.]]>
    </line>
    <line>
      <![CDATA[<br></br>To verify that user is redirected to Forgot password page after clicking on Forgot Password hyperlink]]>
    </line>
    <line>
      <![CDATA[<br></br>To verify that successful message is displayed after clicking on Submit button (For both Mobile and email)]]>
    </line>
    <line>
      <![CDATA[<br><Strong><font color=#008000>Pass</font></strong>]]>
    </line>
    <line>
      <![CDATA[<br></br>Step 5: Click on 'back to login' button]]>
    </line>
    <line>
      <![CDATA[<br></br>To verify that user is redirected to Login page after clicking on 'Back to login' hyperlink]]>
    </line>
    <line>
      <![CDATA[<br><Strong><font color=#008000>Pass</font></strong>]]>
    </line>
    <line>
      <![CDATA[<br><Strong><font color=#008000>Pass</font></strong>]]>
    </line>
    <line>
      <![CDATA[<br> <b>Please look to the screenshot - </b>]]>
    </line>
    <line>
      <![CDATA[<br><Strong><font color=#FF0000>--Failed</font></strong>]]>
    </line>
    <line>
      <![CDATA[<a href='../test-output/screenshots/1117144731675Fargot_password_enter_valid_data_in_company_employee_code.png' target='_new'>1117144731675Fargot_password_enter_valid_data_in_company_employee_code.png</a>]]>
    </line>
    <line>
      <![CDATA[<br></br><h3>Failure Reason:</h3>]]>
    </line>
    <line>
      <![CDATA[<br></br>org.openqa.selenium.NoSuchElementException: Unable to locate element: {&quot;method&quot;:&quot;xpath&quot;,&quot;selector&quot;:&quot;.//span[contains(text(),&apos;Company Code Incorrect&apos;)]&quot;}]]>
    </line>
  </reporter-output>
  <suite name="Login" duration-ms="386496" started-at="2015-11-17T09:11:05Z" finished-at="2015-11-17T09:17:32Z">
    <groups>
    </groups>
    <test name="L_02: To verify that Company Name field is editable" duration-ms="28842" started-at="2015-11-17T09:11:05Z" finished-at="2015-11-17T09:11:34Z">
      <class name="com.zinghr.login.index.LoginIndex">
        <test-method status="PASS" signature="fetchSuiteConfiguration(org.testng.ITestContext)[pri:0, instance:com.zinghr.login.index.LoginIndex@154909b]" name="fetchSuiteConfiguration" is-config="true" duration-ms="8" started-at="2015-11-17T14:41:05Z" finished-at="2015-11-17T14:41:05Z">
          <params>
            <param index="0">
              <value>
                <![CDATA[org.testng.TestRunner@1b4c3a9]]>
              </value>
            </param>
          </params>
          <reporter-output>
          </reporter-output>
        </test-method> <!-- fetchSuiteConfiguration -->
        <test-method status="PASS" signature="setUp(java.lang.reflect.Method, org.testng.ITestContext)[pri:0, instance:com.zinghr.login.index.LoginIndex@154909b]" name="setUp" is-config="true" duration-ms="17036" started-at="2015-11-17T14:41:05Z" finished-at="2015-11-17T14:41:22Z">
          <params>
            <param index="0">
              <value>
                <![CDATA[public void com.zinghr.login.index.LoginIndex.compnycodeeditableornot()]]>
              </value>
            </param>
            <param index="1">
              <value>
                <![CDATA[org.testng.TestRunner@1b4c3a9]]>
              </value>
            </param>
          </params>
          <reporter-output>
          </reporter-output>
        </test-method> <!-- setUp -->
        <test-method status="PASS" signature="compnycodeeditableornot()[pri:0, instance:com.zinghr.login.index.LoginIndex@154909b]" name="compnycodeeditableornot" duration-ms="1328" started-at="2015-11-17T14:41:22Z" finished-at="2015-11-17T14:41:24Z">
          <reporter-output>
            <line>
              <![CDATA[<br></br>Test Case Id : L_02]]>
            </line>
            <line>
              <![CDATA[<br></br>Step 1 : Open url:<a href=http://automation.zinghr.com/2015/pages/Authentication/login.aspx>http://automation.zinghr.com/2015/pages/Authentication/login.aspx</a>]]>
            </line>
            <line>
              <![CDATA[<br></br>Verify that ZingHR login page is open or not.]]>
            </line>
            <line>
              <![CDATA[<br><Strong><font color=#008000>Pass</font></strong>]]>
            </line>
            <line>
              <![CDATA[<br></br>Step 2: Enter Company Code:KIWIQA]]>
            </line>
            <line>
              <![CDATA[<br></br>Company code field id editable or not]]>
            </line>
            <line>
              <![CDATA[<br><Strong><font color=#008000>Pass</font></strong>]]>
            </line>
          </reporter-output>
        </test-method> <!-- compnycodeeditableornot -->
        <test-method status="PASS" signature="tearDown(org.testng.ITestResult)[pri:0, instance:com.zinghr.login.index.LoginIndex@154909b]" name="tearDown" is-config="true" duration-ms="10459" started-at="2015-11-17T14:41:24Z" finished-at="2015-11-17T14:41:34Z">
          <params>
            <param index="0">
              <value>
                <![CDATA[[TestResult name=compnycodeeditableornot status=SUCCESS method=LoginIndex.compnycodeeditableornot()[pri:0, instance:com.zinghr.login.index.LoginIndex@154909b] output=<br></br>Test Case Id : L_02]]]>
              </value>
            </param>
          </params>
          <reporter-output>
          </reporter-output>
        </test-method> <!-- tearDown -->
      </class> <!-- com.zinghr.login.index.LoginIndex -->
    </test> <!-- L_02: To verify that Company Name field is editable -->
    <test name="login page verification" duration-ms="35313" started-at="2015-11-17T09:11:05Z" finished-at="2015-11-17T09:11:41Z">
      <class name="com.zinghr.login.index.LoginIndex">
        <test-method status="PASS" signature="fetchSuiteConfiguration(org.testng.ITestContext)[pri:0, instance:com.zinghr.login.index.LoginIndex@30a502]" name="fetchSuiteConfiguration" is-config="true" duration-ms="8" started-at="2015-11-17T14:41:05Z" finished-at="2015-11-17T14:41:05Z">
          <params>
            <param index="0">
              <value>
                <![CDATA[org.testng.TestRunner@5e9564]]>
              </value>
            </param>
          </params>
          <reporter-output>
          </reporter-output>
        </test-method> <!-- fetchSuiteConfiguration -->
        <test-method status="PASS" signature="setUp(java.lang.reflect.Method, org.testng.ITestContext)[pri:0, instance:com.zinghr.login.index.LoginIndex@30a502]" name="setUp" is-config="true" duration-ms="23612" started-at="2015-11-17T14:41:05Z" finished-at="2015-11-17T14:41:29Z">
          <params>
            <param index="0">
              <value>
                <![CDATA[public void com.zinghr.login.index.LoginIndex.loginlandingpage()]]>
              </value>
            </param>
            <param index="1">
              <value>
                <![CDATA[org.testng.TestRunner@5e9564]]>
              </value>
            </param>
          </params>
          <reporter-output>
          </reporter-output>
        </test-method> <!-- setUp -->
        <test-method status="PASS" signature="loginlandingpage()[pri:0, instance:com.zinghr.login.index.LoginIndex@30a502]" name="loginlandingpage" duration-ms="221" started-at="2015-11-17T14:41:29Z" finished-at="2015-11-17T14:41:29Z">
          <reporter-output>
            <line>
              <![CDATA[<br></br>Step 1 : Open url:<a href=http://automation.zinghr.com/2015/pages/Authentication/login.aspx>http://automation.zinghr.com/2015/pages/Authentication/login.aspx</a>]]>
            </line>
            <line>
              <![CDATA[<br></br>Verify that ZingHR login page is open or not.]]>
            </line>
            <line>
              <![CDATA[<br><Strong><font color=#008000>Pass</font></strong>]]>
            </line>
          </reporter-output>
        </test-method> <!-- loginlandingpage -->
        <test-method status="PASS" signature="tearDown(org.testng.ITestResult)[pri:0, instance:com.zinghr.login.index.LoginIndex@30a502]" name="tearDown" is-config="true" duration-ms="11464" started-at="2015-11-17T14:41:29Z" finished-at="2015-11-17T14:41:41Z">
          <params>
            <param index="0">
              <value>
                <![CDATA[[TestResult name=loginlandingpage status=SUCCESS method=LoginIndex.loginlandingpage()[pri:0, instance:com.zinghr.login.index.LoginIndex@30a502] output=<br></br>Step 1 : Open url:<a href=http://automation.zinghr.com/2015/pages/Authentication/login.aspx>http://automation.zinghr.com/2015/pages/Authentication/login.aspx</a>]]]>
              </value>
            </param>
          </params>
          <reporter-output>
          </reporter-output>
        </test-method> <!-- tearDown -->
      </class> <!-- com.zinghr.login.index.LoginIndex -->
    </test> <!-- login page verification -->
    <test name="L_08: To verify that user is able to login with valid credentials" duration-ms="35752" started-at="2015-11-17T09:11:05Z" finished-at="2015-11-17T09:11:41Z">
      <class name="com.zinghr.login.index.LoginIndex">
        <test-method status="PASS" signature="fetchSuiteConfiguration(org.testng.ITestContext)[pri:0, instance:com.zinghr.login.index.LoginIndex@f82f98]" name="fetchSuiteConfiguration" is-config="true" duration-ms="8" started-at="2015-11-17T14:41:05Z" finished-at="2015-11-17T14:41:05Z">
          <params>
            <param index="0">
              <value>
                <![CDATA[org.testng.TestRunner@194b04d]]>
              </value>
            </param>
          </params>
          <reporter-output>
          </reporter-output>
        </test-method> <!-- fetchSuiteConfiguration -->
        <test-method status="PASS" signature="setUp(java.lang.reflect.Method, org.testng.ITestContext)[pri:0, instance:com.zinghr.login.index.LoginIndex@f82f98]" name="setUp" is-config="true" duration-ms="9206" started-at="2015-11-17T14:41:05Z" finished-at="2015-11-17T14:41:14Z">
          <params>
            <param index="0">
              <value>
                <![CDATA[public void com.zinghr.login.index.LoginIndex.loginwithvalidcredential()]]>
              </value>
            </param>
            <param index="1">
              <value>
                <![CDATA[org.testng.TestRunner@194b04d]]>
              </value>
            </param>
          </params>
          <reporter-output>
          </reporter-output>
        </test-method> <!-- setUp -->
        <test-method status="PASS" signature="loginwithvalidcredential()[pri:0, instance:com.zinghr.login.index.LoginIndex@f82f98]" name="loginwithvalidcredential" duration-ms="15933" started-at="2015-11-17T14:41:14Z" finished-at="2015-11-17T14:41:30Z">
          <reporter-output>
            <line>
              <![CDATA[<br></br>Test Case Id : L_08 ]]>
            </line>
            <line>
              <![CDATA[<br></br>Step 1 : Open url:<a href=http://automation.zinghr.com/2015/pages/Authentication/login.aspx>http://automation.zinghr.com/2015/pages/Authentication/login.aspx</a>]]>
            </line>
            <line>
              <![CDATA[<br></br>Verify that ZingHR login page is open or not.]]>
            </line>
            <line>
              <![CDATA[<br><Strong><font color=#008000>Pass</font></strong>]]>
            </line>
            <line>
              <![CDATA[<br></br>Step 2: Enter Company Code:KIWIQA]]>
            </line>
            <line>
              <![CDATA[<br></br>Step 3: Enter Employee Code: Admin]]>
            </line>
            <line>
              <![CDATA[<br></br>Step 4: Enter Password: Admin@123]]>
            </line>
            <line>
              <![CDATA[<br></br>Verify that Home page is open or not]]>
            </line>
            <line>
              <![CDATA[<br><Strong><font color=#008000>Pass</font></strong>]]>
            </line>
          </reporter-output>
        </test-method> <!-- loginwithvalidcredential -->
        <test-method status="PASS" signature="tearDown(org.testng.ITestResult)[pri:0, instance:com.zinghr.login.index.LoginIndex@f82f98]" name="tearDown" is-config="true" duration-ms="10596" started-at="2015-11-17T14:41:30Z" finished-at="2015-11-17T14:41:41Z">
          <params>
            <param index="0">
              <value>
                <![CDATA[[TestResult name=loginwithvalidcredential status=SUCCESS method=LoginIndex.loginwithvalidcredential()[pri:0, instance:com.zinghr.login.index.LoginIndex@f82f98] output=<br></br>Test Case Id : L_08 ]]]>
              </value>
            </param>
          </params>
          <reporter-output>
          </reporter-output>
        </test-method> <!-- tearDown -->
      </class> <!-- com.zinghr.login.index.LoginIndex -->
    </test> <!-- L_08: To verify that user is able to login with valid credentials -->
    <test name="L_03: To verify that user is able to enter data in Employee code field" duration-ms="20636" started-at="2015-11-17T09:11:34Z" finished-at="2015-11-17T09:11:55Z">
      <class name="com.zinghr.login.index.LoginIndex">
        <test-method status="PASS" signature="setUp(java.lang.reflect.Method, org.testng.ITestContext)[pri:0, instance:com.zinghr.login.index.LoginIndex@407d53]" name="setUp" is-config="true" duration-ms="9131" started-at="2015-11-17T14:41:34Z" finished-at="2015-11-17T14:41:43Z">
          <params>
            <param index="0">
              <value>
                <![CDATA[public void com.zinghr.login.index.LoginIndex.employeecodeeditableornot()]]>
              </value>
            </param>
            <param index="1">
              <value>
                <![CDATA[org.testng.TestRunner@8c3b9d]]>
              </value>
            </param>
          </params>
          <reporter-output>
          </reporter-output>
        </test-method> <!-- setUp -->
        <test-method status="PASS" signature="fetchSuiteConfiguration(org.testng.ITestContext)[pri:0, instance:com.zinghr.login.index.LoginIndex@407d53]" name="fetchSuiteConfiguration" is-config="true" duration-ms="0" started-at="2015-11-17T14:41:34Z" finished-at="2015-11-17T14:41:34Z">
          <params>
            <param index="0">
              <value>
                <![CDATA[org.testng.TestRunner@8c3b9d]]>
              </value>
            </param>
          </params>
          <reporter-output>
          </reporter-output>
        </test-method> <!-- fetchSuiteConfiguration -->
        <test-method status="PASS" signature="employeecodeeditableornot()[pri:0, instance:com.zinghr.login.index.LoginIndex@407d53]" name="employeecodeeditableornot" duration-ms="951" started-at="2015-11-17T14:41:43Z" finished-at="2015-11-17T14:41:44Z">
          <reporter-output>
            <line>
              <![CDATA[<br></br>Test Case Id : L_03 ]]>
            </line>
            <line>
              <![CDATA[<br></br>Step 1 : Open url:<a href=http://automation.zinghr.com/2015/pages/Authentication/login.aspx>http://automation.zinghr.com/2015/pages/Authentication/login.aspx</a>]]>
            </line>
            <line>
              <![CDATA[<br></br>Verify that ZingHR login page is open or not.]]>
            </line>
            <line>
              <![CDATA[<br><Strong><font color=#008000>Pass</font></strong>]]>
            </line>
            <line>
              <![CDATA[<br></br>Step 2: Enter Employee Code:Admin]]>
            </line>
            <line>
              <![CDATA[<br></br>Employee code field id editable or not]]>
            </line>
            <line>
              <![CDATA[<br><Strong><font color=#008000>Pass</font></strong>]]>
            </line>
          </reporter-output>
        </test-method> <!-- employeecodeeditableornot -->
        <test-method status="PASS" signature="tearDown(org.testng.ITestResult)[pri:0, instance:com.zinghr.login.index.LoginIndex@407d53]" name="tearDown" is-config="true" duration-ms="10553" started-at="2015-11-17T14:41:44Z" finished-at="2015-11-17T14:41:55Z">
          <params>
            <param index="0">
              <value>
                <![CDATA[[TestResult name=employeecodeeditableornot status=SUCCESS method=LoginIndex.employeecodeeditableornot()[pri:0, instance:com.zinghr.login.index.LoginIndex@407d53] output=<br></br>Test Case Id : L_03 ]]]>
              </value>
            </param>
          </params>
          <reporter-output>
          </reporter-output>
        </test-method> <!-- tearDown -->
      </class> <!-- com.zinghr.login.index.LoginIndex -->
    </test> <!-- L_03: To verify that user is able to enter data in Employee code field -->
    <test name="L_04: To verify that alert message is displayed if user logins with empty Company Code" duration-ms="23949" started-at="2015-11-17T09:11:41Z" finished-at="2015-11-17T09:12:05Z">
      <class name="com.zinghr.login.index.LoginIndex">
        <test-method status="PASS" signature="fetchSuiteConfiguration(org.testng.ITestContext)[pri:0, instance:com.zinghr.login.index.LoginIndex@5d012c]" name="fetchSuiteConfiguration" is-config="true" duration-ms="0" started-at="2015-11-17T14:41:41Z" finished-at="2015-11-17T14:41:41Z">
          <params>
            <param index="0">
              <value>
                <![CDATA[org.testng.TestRunner@39bec8]]>
              </value>
            </param>
          </params>
          <reporter-output>
          </reporter-output>
        </test-method> <!-- fetchSuiteConfiguration -->
        <test-method status="PASS" signature="setUp(java.lang.reflect.Method, org.testng.ITestContext)[pri:0, instance:com.zinghr.login.index.LoginIndex@5d012c]" name="setUp" is-config="true" duration-ms="9862" started-at="2015-11-17T14:41:41Z" finished-at="2015-11-17T14:41:50Z">
          <params>
            <param index="0">
              <value>
                <![CDATA[public void com.zinghr.login.index.LoginIndex.blankcomponycode()]]>
              </value>
            </param>
            <param index="1">
              <value>
                <![CDATA[org.testng.TestRunner@39bec8]]>
              </value>
            </param>
          </params>
          <reporter-output>
          </reporter-output>
        </test-method> <!-- setUp -->
        <test-method status="PASS" signature="blankcomponycode()[pri:0, instance:com.zinghr.login.index.LoginIndex@5d012c]" name="blankcomponycode" duration-ms="3542" started-at="2015-11-17T14:41:50Z" finished-at="2015-11-17T14:41:54Z">
          <reporter-output>
            <line>
              <![CDATA[<br></br>Test Case Id : L_04 ]]>
            </line>
            <line>
              <![CDATA[<br></br>Step 1 : Open url:<a href=http://automation.zinghr.com/2015/pages/Authentication/login.aspx>http://automation.zinghr.com/2015/pages/Authentication/login.aspx</a>]]>
            </line>
            <line>
              <![CDATA[<br></br>Verify that ZingHR login page is open or not.]]>
            </line>
            <line>
              <![CDATA[<br><Strong><font color=#008000>Pass</font></strong>]]>
            </line>
            <line>
              <![CDATA[<br></br>To verify that alert message is displayed if user logins with empty Company Code]]>
            </line>
            <line>
              <![CDATA[<br><Strong><font color=#008000>Pass</font></strong>]]>
            </line>
          </reporter-output>
        </test-method> <!-- blankcomponycode -->
        <test-method status="PASS" signature="tearDown(org.testng.ITestResult)[pri:0, instance:com.zinghr.login.index.LoginIndex@5d012c]" name="tearDown" is-config="true" duration-ms="10544" started-at="2015-11-17T14:41:54Z" finished-at="2015-11-17T14:42:05Z">
          <params>
            <param index="0">
              <value>
                <![CDATA[[TestResult name=blankcomponycode status=SUCCESS method=LoginIndex.blankcomponycode()[pri:0, instance:com.zinghr.login.index.LoginIndex@5d012c] output=<br></br>Test Case Id : L_04 ]]]>
              </value>
            </param>
          </params>
          <reporter-output>
          </reporter-output>
        </test-method> <!-- tearDown -->
      </class> <!-- com.zinghr.login.index.LoginIndex -->
    </test> <!-- L_04: To verify that alert message is displayed if user logins with empty Company Code -->
    <test name="L_05: To verify that alert message is displayed if user logins with empty Employee Code" duration-ms="29631" started-at="2015-11-17T09:11:41Z" finished-at="2015-11-17T09:12:11Z">
      <class name="com.zinghr.login.index.LoginIndex">
        <test-method status="PASS" signature="fetchSuiteConfiguration(org.testng.ITestContext)[pri:0, instance:com.zinghr.login.index.LoginIndex@82d64]" name="fetchSuiteConfiguration" is-config="true" duration-ms="0" started-at="2015-11-17T14:41:41Z" finished-at="2015-11-17T14:41:41Z">
          <params>
            <param index="0">
              <value>
                <![CDATA[org.testng.TestRunner@f79e]]>
              </value>
            </param>
          </params>
          <reporter-output>
          </reporter-output>
        </test-method> <!-- fetchSuiteConfiguration -->
        <test-method status="PASS" signature="setUp(java.lang.reflect.Method, org.testng.ITestContext)[pri:0, instance:com.zinghr.login.index.LoginIndex@82d64]" name="setUp" is-config="true" duration-ms="15036" started-at="2015-11-17T14:41:41Z" finished-at="2015-11-17T14:41:56Z">
          <params>
            <param index="0">
              <value>
                <![CDATA[public void com.zinghr.login.index.LoginIndex.blankemployeecode()]]>
              </value>
            </param>
            <param index="1">
              <value>
                <![CDATA[org.testng.TestRunner@f79e]]>
              </value>
            </param>
          </params>
          <reporter-output>
          </reporter-output>
        </test-method> <!-- setUp -->
        <test-method status="PASS" signature="blankemployeecode()[pri:0, instance:com.zinghr.login.index.LoginIndex@82d64]" name="blankemployeecode" duration-ms="3302" started-at="2015-11-17T14:41:56Z" finished-at="2015-11-17T14:41:59Z">
          <reporter-output>
            <line>
              <![CDATA[<br></br>Test Case Id : L_05 ]]>
            </line>
            <line>
              <![CDATA[<br></br>Step 1 : Open url:<a href=http://automation.zinghr.com/2015/pages/Authentication/login.aspx>http://automation.zinghr.com/2015/pages/Authentication/login.aspx</a>]]>
            </line>
            <line>
              <![CDATA[<br></br>Verify that ZingHR login page is open or not.]]>
            </line>
            <line>
              <![CDATA[<br><Strong><font color=#008000>Pass</font></strong>]]>
            </line>
            <line>
              <![CDATA[<br></br>Step 2: Enter Employee Code:Admin]]>
            </line>
            <line>
              <![CDATA[<br></br>To verify that alert message is displayed if user logins with empty Employee Code]]>
            </line>
            <line>
              <![CDATA[<br><Strong><font color=#008000>Pass</font></strong>]]>
            </line>
          </reporter-output>
        </test-method> <!-- blankemployeecode -->
        <test-method status="PASS" signature="tearDown(org.testng.ITestResult)[pri:0, instance:com.zinghr.login.index.LoginIndex@82d64]" name="tearDown" is-config="true" duration-ms="11291" started-at="2015-11-17T14:41:59Z" finished-at="2015-11-17T14:42:11Z">
          <params>
            <param index="0">
              <value>
                <![CDATA[[TestResult name=blankemployeecode status=SUCCESS method=LoginIndex.blankemployeecode()[pri:0, instance:com.zinghr.login.index.LoginIndex@82d64] output=<br></br>Test Case Id : L_05 ]]]>
              </value>
            </param>
          </params>
          <reporter-output>
          </reporter-output>
        </test-method> <!-- tearDown -->
      </class> <!-- com.zinghr.login.index.LoginIndex -->
    </test> <!-- L_05: To verify that alert message is displayed if user logins with empty Employee Code -->
    <test name="L_06: To verify that user is able to enter data in Password field" duration-ms="19788" started-at="2015-11-17T09:11:55Z" finished-at="2015-11-17T09:12:15Z">
      <class name="com.zinghr.login.index.LoginIndex">
        <test-method status="PASS" signature="fetchSuiteConfiguration(org.testng.ITestContext)[pri:0, instance:com.zinghr.login.index.LoginIndex@1fee20c]" name="fetchSuiteConfiguration" is-config="true" duration-ms="0" started-at="2015-11-17T14:41:55Z" finished-at="2015-11-17T14:41:55Z">
          <params>
            <param index="0">
              <value>
                <![CDATA[org.testng.TestRunner@e8290b]]>
              </value>
            </param>
          </params>
          <reporter-output>
          </reporter-output>
        </test-method> <!-- fetchSuiteConfiguration -->
        <test-method status="PASS" signature="setUp(java.lang.reflect.Method, org.testng.ITestContext)[pri:0, instance:com.zinghr.login.index.LoginIndex@1fee20c]" name="setUp" is-config="true" duration-ms="8790" started-at="2015-11-17T14:41:55Z" finished-at="2015-11-17T14:42:04Z">
          <params>
            <param index="0">
              <value>
                <![CDATA[public void com.zinghr.login.index.LoginIndex.enterdatatopassword()]]>
              </value>
            </param>
            <param index="1">
              <value>
                <![CDATA[org.testng.TestRunner@e8290b]]>
              </value>
            </param>
          </params>
          <reporter-output>
          </reporter-output>
        </test-method> <!-- setUp -->
        <test-method status="PASS" signature="enterdatatopassword()[pri:0, instance:com.zinghr.login.index.LoginIndex@1fee20c]" name="enterdatatopassword" duration-ms="498" started-at="2015-11-17T14:42:04Z" finished-at="2015-11-17T14:42:04Z">
          <reporter-output>
            <line>
              <![CDATA[<br></br>Test Case Id : L_06 ]]>
            </line>
            <line>
              <![CDATA[<br></br>Step 1 : Open url:<a href=http://automation.zinghr.com/2015/pages/Authentication/login.aspx>http://automation.zinghr.com/2015/pages/Authentication/login.aspx</a>]]>
            </line>
            <line>
              <![CDATA[<br></br>Verify that ZingHR login page is open or not.]]>
            </line>
            <line>
              <![CDATA[<br><Strong><font color=#008000>Pass</font></strong>]]>
            </line>
            <line>
              <![CDATA[<br></br>Step 2: Enter Password: Admin@123]]>
            </line>
            <line>
              <![CDATA[<br></br>To verify that user is able to enter data in Password field]]>
            </line>
            <line>
              <![CDATA[<br><Strong><font color=#008000>Pass</font></strong>]]>
            </line>
          </reporter-output>
        </test-method> <!-- enterdatatopassword -->
        <test-method status="PASS" signature="tearDown(org.testng.ITestResult)[pri:0, instance:com.zinghr.login.index.LoginIndex@1fee20c]" name="tearDown" is-config="true" duration-ms="10499" started-at="2015-11-17T14:42:04Z" finished-at="2015-11-17T14:42:15Z">
          <params>
            <param index="0">
              <value>
                <![CDATA[[TestResult name=enterdatatopassword status=SUCCESS method=LoginIndex.enterdatatopassword()[pri:0, instance:com.zinghr.login.index.LoginIndex@1fee20c] output=<br></br>Test Case Id : L_06 ]]]>
              </value>
            </param>
          </params>
          <reporter-output>
          </reporter-output>
        </test-method> <!-- tearDown -->
      </class> <!-- com.zinghr.login.index.LoginIndex -->
    </test> <!-- L_06: To verify that user is able to enter data in Password field -->
    <test name="L_07: To verify that alert message is displayed if user logins with empty password" duration-ms="23467" started-at="2015-11-17T09:12:05Z" finished-at="2015-11-17T09:12:28Z">
      <class name="com.zinghr.login.index.LoginIndex">
        <test-method status="PASS" signature="fetchSuiteConfiguration(org.testng.ITestContext)[pri:0, instance:com.zinghr.login.index.LoginIndex@6a3f77]" name="fetchSuiteConfiguration" is-config="true" duration-ms="0" started-at="2015-11-17T14:42:05Z" finished-at="2015-11-17T14:42:05Z">
          <params>
            <param index="0">
              <value>
                <![CDATA[org.testng.TestRunner@159a598]]>
              </value>
            </param>
          </params>
          <reporter-output>
          </reporter-output>
        </test-method> <!-- fetchSuiteConfiguration -->
        <test-method status="PASS" signature="setUp(java.lang.reflect.Method, org.testng.ITestContext)[pri:0, instance:com.zinghr.login.index.LoginIndex@6a3f77]" name="setUp" is-config="true" duration-ms="9453" started-at="2015-11-17T14:42:05Z" finished-at="2015-11-17T14:42:14Z">
          <params>
            <param index="0">
              <value>
                <![CDATA[public void com.zinghr.login.index.LoginIndex.blankpassword()]]>
              </value>
            </param>
            <param index="1">
              <value>
                <![CDATA[org.testng.TestRunner@159a598]]>
              </value>
            </param>
          </params>
          <reporter-output>
          </reporter-output>
        </test-method> <!-- setUp -->
        <test-method status="PASS" signature="blankpassword()[pri:0, instance:com.zinghr.login.index.LoginIndex@6a3f77]" name="blankpassword" duration-ms="3505" started-at="2015-11-17T14:42:14Z" finished-at="2015-11-17T14:42:18Z">
          <reporter-output>
            <line>
              <![CDATA[<br></br>Test Case Id : L_07 ]]>
            </line>
            <line>
              <![CDATA[<br></br>Step 1 : Open url:<a href=http://automation.zinghr.com/2015/pages/Authentication/login.aspx>http://automation.zinghr.com/2015/pages/Authentication/login.aspx</a>]]>
            </line>
            <line>
              <![CDATA[<br></br>Verify that ZingHR login page is open or not.]]>
            </line>
            <line>
              <![CDATA[<br><Strong><font color=#008000>Pass</font></strong>]]>
            </line>
            <line>
              <![CDATA[<br></br>Step 2: Enter Company Code:KIWIQA]]>
            </line>
            <line>
              <![CDATA[<br></br>Step 3: Enter Employee Code:Admin]]>
            </line>
            <line>
              <![CDATA[<br></br>To verify that alert message is displayed if user logins with empty password]]>
            </line>
            <line>
              <![CDATA[<br><Strong><font color=#008000>Pass</font></strong>]]>
            </line>
          </reporter-output>
        </test-method> <!-- blankpassword -->
        <test-method status="PASS" signature="tearDown(org.testng.ITestResult)[pri:0, instance:com.zinghr.login.index.LoginIndex@6a3f77]" name="tearDown" is-config="true" duration-ms="10508" started-at="2015-11-17T14:42:18Z" finished-at="2015-11-17T14:42:28Z">
          <params>
            <param index="0">
              <value>
                <![CDATA[[TestResult name=blankpassword status=SUCCESS method=LoginIndex.blankpassword()[pri:0, instance:com.zinghr.login.index.LoginIndex@6a3f77] output=<br></br>Test Case Id : L_07 ]]]>
              </value>
            </param>
          </params>
          <reporter-output>
          </reporter-output>
        </test-method> <!-- tearDown -->
      </class> <!-- com.zinghr.login.index.LoginIndex -->
    </test> <!-- L_07: To verify that alert message is displayed if user logins with empty password -->
    <test name="L_10: To verify that appropriate error message is displayed when user enters invalid company code" duration-ms="22878" started-at="2015-11-17T09:12:11Z" finished-at="2015-11-17T09:12:34Z">
      <class name="com.zinghr.login.index.LoginIndex">
        <test-method status="PASS" signature="fetchSuiteConfiguration(org.testng.ITestContext)[pri:0, instance:com.zinghr.login.index.LoginIndex@addb54]" name="fetchSuiteConfiguration" is-config="true" duration-ms="0" started-at="2015-11-17T14:42:11Z" finished-at="2015-11-17T14:42:11Z">
          <params>
            <param index="0">
              <value>
                <![CDATA[org.testng.TestRunner@178745]]>
              </value>
            </param>
          </params>
          <reporter-output>
          </reporter-output>
        </test-method> <!-- fetchSuiteConfiguration -->
        <test-method status="PASS" signature="setUp(java.lang.reflect.Method, org.testng.ITestContext)[pri:0, instance:com.zinghr.login.index.LoginIndex@addb54]" name="setUp" is-config="true" duration-ms="8463" started-at="2015-11-17T14:42:11Z" finished-at="2015-11-17T14:42:19Z">
          <params>
            <param index="0">
              <value>
                <![CDATA[public void com.zinghr.login.index.LoginIndex.invalidcompanycode()]]>
              </value>
            </param>
            <param index="1">
              <value>
                <![CDATA[org.testng.TestRunner@178745]]>
              </value>
            </param>
          </params>
          <reporter-output>
          </reporter-output>
        </test-method> <!-- setUp -->
        <test-method status="PASS" signature="invalidcompanycode()[pri:0, instance:com.zinghr.login.index.LoginIndex@addb54]" name="invalidcompanycode" duration-ms="3889" started-at="2015-11-17T14:42:19Z" finished-at="2015-11-17T14:42:23Z">
          <reporter-output>
            <line>
              <![CDATA[<br></br>Test Case Id : L_10 ]]>
            </line>
            <line>
              <![CDATA[<br></br>Step 1 : Open url:<a href=http://automation.zinghr.com/2015/pages/Authentication/login.aspx>http://automation.zinghr.com/2015/pages/Authentication/login.aspx</a>]]>
            </line>
            <line>
              <![CDATA[<br></br>Verify that ZingHR login page is open or not.]]>
            </line>
            <line>
              <![CDATA[<br><Strong><font color=#008000>Pass</font></strong>]]>
            </line>
            <line>
              <![CDATA[<br></br>Step 2: Enter Company Code:KIWIQA123]]>
            </line>
            <line>
              <![CDATA[<br></br>Step 3: Enter Employee Code:Admin]]>
            </line>
            <line>
              <![CDATA[<br></br>Step 4: Enter Password: Admin@123]]>
            </line>
            <line>
              <![CDATA[<br></br>To verify that appropriate error message is displayed when user enters invalid company code]]>
            </line>
            <line>
              <![CDATA[<br><Strong><font color=#008000>Pass</font></strong>]]>
            </line>
          </reporter-output>
        </test-method> <!-- invalidcompanycode -->
        <test-method status="PASS" signature="tearDown(org.testng.ITestResult)[pri:0, instance:com.zinghr.login.index.LoginIndex@addb54]" name="tearDown" is-config="true" duration-ms="10524" started-at="2015-11-17T14:42:23Z" finished-at="2015-11-17T14:42:34Z">
          <params>
            <param index="0">
              <value>
                <![CDATA[[TestResult name=invalidcompanycode status=SUCCESS method=LoginIndex.invalidcompanycode()[pri:0, instance:com.zinghr.login.index.LoginIndex@addb54] output=<br></br>Test Case Id : L_10 ]]]>
              </value>
            </param>
          </params>
          <reporter-output>
          </reporter-output>
        </test-method> <!-- tearDown -->
      </class> <!-- com.zinghr.login.index.LoginIndex -->
    </test> <!-- L_10: To verify that appropriate error message is displayed when user enters invalid company code -->
    <test name="L_11: To verify that appropriate error message is displayed when user enters invalid company code" duration-ms="27213" started-at="2015-11-17T09:12:15Z" finished-at="2015-11-17T09:12:42Z">
      <class name="com.zinghr.login.index.LoginIndex">
        <test-method status="PASS" signature="fetchSuiteConfiguration(org.testng.ITestContext)[pri:0, instance:com.zinghr.login.index.LoginIndex@837a77]" name="fetchSuiteConfiguration" is-config="true" duration-ms="0" started-at="2015-11-17T14:42:15Z" finished-at="2015-11-17T14:42:15Z">
          <params>
            <param index="0">
              <value>
                <![CDATA[org.testng.TestRunner@12c3f1e]]>
              </value>
            </param>
          </params>
          <reporter-output>
          </reporter-output>
        </test-method> <!-- fetchSuiteConfiguration -->
        <test-method status="PASS" signature="setUp(java.lang.reflect.Method, org.testng.ITestContext)[pri:0, instance:com.zinghr.login.index.LoginIndex@837a77]" name="setUp" is-config="true" duration-ms="11811" started-at="2015-11-17T14:42:15Z" finished-at="2015-11-17T14:42:26Z">
          <params>
            <param index="0">
              <value>
                <![CDATA[public void com.zinghr.login.index.LoginIndex.invalidemployeecode()]]>
              </value>
            </param>
            <param index="1">
              <value>
                <![CDATA[org.testng.TestRunner@12c3f1e]]>
              </value>
            </param>
          </params>
          <reporter-output>
          </reporter-output>
        </test-method> <!-- setUp -->
        <test-method status="PASS" signature="invalidemployeecode()[pri:0, instance:com.zinghr.login.index.LoginIndex@837a77]" name="invalidemployeecode" duration-ms="4629" started-at="2015-11-17T14:42:26Z" finished-at="2015-11-17T14:42:31Z">
          <reporter-output>
            <line>
              <![CDATA[<br></br>Test Case Id : L_11 ]]>
            </line>
            <line>
              <![CDATA[<br></br>Step 1 : Open url:<a href=http://automation.zinghr.com/2015/pages/Authentication/login.aspx>http://automation.zinghr.com/2015/pages/Authentication/login.aspx</a>]]>
            </line>
            <line>
              <![CDATA[<br></br>Verify that ZingHR login page is open or not.]]>
            </line>
            <line>
              <![CDATA[<br><Strong><font color=#008000>Pass</font></strong>]]>
            </line>
            <line>
              <![CDATA[<br></br>Step 2: Enter Company Code:KIWIQA]]>
            </line>
            <line>
              <![CDATA[<br></br>Step 3: Enter Employee Code:Admin123]]>
            </line>
            <line>
              <![CDATA[<br></br>Step 4: Enter Password: Admin@123]]>
            </line>
            <line>
              <![CDATA[<br></br>To verify that appropriate error message is displayed when user enters invalid company code]]>
            </line>
            <line>
              <![CDATA[<br><Strong><font color=#008000>Pass</font></strong>]]>
            </line>
          </reporter-output>
        </test-method> <!-- invalidemployeecode -->
        <test-method status="PASS" signature="tearDown(org.testng.ITestResult)[pri:0, instance:com.zinghr.login.index.LoginIndex@837a77]" name="tearDown" is-config="true" duration-ms="10772" started-at="2015-11-17T14:42:31Z" finished-at="2015-11-17T14:42:42Z">
          <params>
            <param index="0">
              <value>
                <![CDATA[[TestResult name=invalidemployeecode status=SUCCESS method=LoginIndex.invalidemployeecode()[pri:0, instance:com.zinghr.login.index.LoginIndex@837a77] output=<br></br>Test Case Id : L_11 ]]]>
              </value>
            </param>
          </params>
          <reporter-output>
          </reporter-output>
        </test-method> <!-- tearDown -->
      </class> <!-- com.zinghr.login.index.LoginIndex -->
    </test> <!-- L_11: To verify that appropriate error message is displayed when user enters invalid company code -->
    <test name="L_12: To verify that appropriate error message is displayed when user enters invalid password" duration-ms="26024" started-at="2015-11-17T09:12:28Z" finished-at="2015-11-17T09:12:54Z">
      <class name="com.zinghr.login.index.LoginIndex">
        <test-method status="PASS" signature="fetchSuiteConfiguration(org.testng.ITestContext)[pri:0, instance:com.zinghr.login.index.LoginIndex@1975490]" name="fetchSuiteConfiguration" is-config="true" duration-ms="0" started-at="2015-11-17T14:42:28Z" finished-at="2015-11-17T14:42:28Z">
          <params>
            <param index="0">
              <value>
                <![CDATA[org.testng.TestRunner@b3fd41]]>
              </value>
            </param>
          </params>
          <reporter-output>
          </reporter-output>
        </test-method> <!-- fetchSuiteConfiguration -->
        <test-method status="PASS" signature="setUp(java.lang.reflect.Method, org.testng.ITestContext)[pri:0, instance:com.zinghr.login.index.LoginIndex@1975490]" name="setUp" is-config="true" duration-ms="10388" started-at="2015-11-17T14:42:28Z" finished-at="2015-11-17T14:42:38Z">
          <params>
            <param index="0">
              <value>
                <![CDATA[public void com.zinghr.login.index.LoginIndex.invalidpassword()]]>
              </value>
            </param>
            <param index="1">
              <value>
                <![CDATA[org.testng.TestRunner@b3fd41]]>
              </value>
            </param>
          </params>
          <reporter-output>
          </reporter-output>
        </test-method> <!-- setUp -->
        <test-method status="PASS" signature="invalidpassword()[pri:0, instance:com.zinghr.login.index.LoginIndex@1975490]" name="invalidpassword" duration-ms="5250" started-at="2015-11-17T14:42:38Z" finished-at="2015-11-17T14:42:44Z">
          <reporter-output>
            <line>
              <![CDATA[<br></br>Test Case Id : L_12 ]]>
            </line>
            <line>
              <![CDATA[<br></br>Step 1 : Open url:<a href=http://automation.zinghr.com/2015/pages/Authentication/login.aspx>http://automation.zinghr.com/2015/pages/Authentication/login.aspx</a>]]>
            </line>
            <line>
              <![CDATA[<br></br>Verify that ZingHR login page is open or not.]]>
            </line>
            <line>
              <![CDATA[<br><Strong><font color=#008000>Pass</font></strong>]]>
            </line>
            <line>
              <![CDATA[<br></br>Step 2: Enter Company Code:KIWIQA]]>
            </line>
            <line>
              <![CDATA[<br></br>Step 3: Enter Employee Code:Admin]]>
            </line>
            <line>
              <![CDATA[<br></br>Step 4: Enter Password: Admin@1234]]>
            </line>
            <line>
              <![CDATA[<br></br>To verify that appropriate error message is displayed when user enters invalid company code]]>
            </line>
            <line>
              <![CDATA[<br><Strong><font color=#008000>Pass</font></strong>]]>
            </line>
          </reporter-output>
        </test-method> <!-- invalidpassword -->
        <test-method status="PASS" signature="tearDown(org.testng.ITestResult)[pri:0, instance:com.zinghr.login.index.LoginIndex@1975490]" name="tearDown" is-config="true" duration-ms="10384" started-at="2015-11-17T14:42:44Z" finished-at="2015-11-17T14:42:54Z">
          <params>
            <param index="0">
              <value>
                <![CDATA[[TestResult name=invalidpassword status=SUCCESS method=LoginIndex.invalidpassword()[pri:0, instance:com.zinghr.login.index.LoginIndex@1975490] output=<br></br>Test Case Id : L_12 ]]]>
              </value>
            </param>
          </params>
          <reporter-output>
          </reporter-output>
        </test-method> <!-- tearDown -->
      </class> <!-- com.zinghr.login.index.LoginIndex -->
    </test> <!-- L_12: To verify that appropriate error message is displayed when user enters invalid password -->
    <test name="L_14: To verify that appropriate message is displayed after the user&#039;s account is blocked" duration-ms="32088" started-at="2015-11-17T09:12:42Z" finished-at="2015-11-17T09:13:14Z">
      <class name="com.zinghr.login.index.LoginIndex">
        <test-method status="PASS" signature="fetchSuiteConfiguration(org.testng.ITestContext)[pri:0, instance:com.zinghr.login.index.LoginIndex@1fb3008]" name="fetchSuiteConfiguration" is-config="true" duration-ms="0" started-at="2015-11-17T14:42:42Z" finished-at="2015-11-17T14:42:42Z">
          <params>
            <param index="0">
              <value>
                <![CDATA[org.testng.TestRunner@94f96a]]>
              </value>
            </param>
          </params>
          <reporter-output>
          </reporter-output>
        </test-method> <!-- fetchSuiteConfiguration -->
        <test-method status="PASS" signature="setUp(java.lang.reflect.Method, org.testng.ITestContext)[pri:0, instance:com.zinghr.login.index.LoginIndex@1fb3008]" name="setUp" is-config="true" duration-ms="10361" started-at="2015-11-17T14:42:42Z" finished-at="2015-11-17T14:42:52Z">
          <params>
            <param index="0">
              <value>
                <![CDATA[public void com.zinghr.login.index.LoginIndex.after_account_is_blocked()]]>
              </value>
            </param>
            <param index="1">
              <value>
                <![CDATA[org.testng.TestRunner@94f96a]]>
              </value>
            </param>
          </params>
          <reporter-output>
          </reporter-output>
        </test-method> <!-- setUp -->
        <test-method status="PASS" signature="after_account_is_blocked()[pri:0, instance:com.zinghr.login.index.LoginIndex@1fb3008]" name="after_account_is_blocked" duration-ms="10872" started-at="2015-11-17T14:42:52Z" finished-at="2015-11-17T14:43:03Z">
          <reporter-output>
            <line>
              <![CDATA[<br></br>Test Case Id : L_14 ]]>
            </line>
            <line>
              <![CDATA[<br></br>Step 1 : Open url:<a href=http://automation.zinghr.com/2015/pages/Authentication/login.aspx>http://automation.zinghr.com/2015/pages/Authentication/login.aspx</a>]]>
            </line>
            <line>
              <![CDATA[<br></br>Verify that ZingHR login page is open or not.]]>
            </line>
            <line>
              <![CDATA[<br><Strong><font color=#008000>Pass</font></strong>]]>
            </line>
            <line>
              <![CDATA[<br></br>Step 2: Enter Company Code:AMBUJA]]>
            </line>
            <line>
              <![CDATA[<br></br>Step 3: Enter Employee Code:ADMIN]]>
            </line>
            <line>
              <![CDATA[<br></br>Step 4: Enter Password: Baps@200]]>
            </line>
            <line>
              <![CDATA[<br></br>To verify that appropriate message is displayed after the user's account is blocked]]>
            </line>
            <line>
              <![CDATA[<br><Strong><font color=#008000>Pass</font></strong>]]>
            </line>
          </reporter-output>
        </test-method> <!-- after_account_is_blocked -->
        <test-method status="PASS" signature="tearDown(org.testng.ITestResult)[pri:0, instance:com.zinghr.login.index.LoginIndex@1fb3008]" name="tearDown" is-config="true" duration-ms="10854" started-at="2015-11-17T14:43:03Z" finished-at="2015-11-17T14:43:14Z">
          <params>
            <param index="0">
              <value>
                <![CDATA[[TestResult name=after_account_is_blocked status=SUCCESS method=LoginIndex.after_account_is_blocked()[pri:0, instance:com.zinghr.login.index.LoginIndex@1fb3008] output=<br></br>Test Case Id : L_14 ]]]>
              </value>
            </param>
          </params>
          <reporter-output>
          </reporter-output>
        </test-method> <!-- tearDown -->
      </class> <!-- com.zinghr.login.index.LoginIndex -->
    </test> <!-- L_14: To verify that appropriate message is displayed after the user's account is blocked -->
    <test name="L_18: To verify that alert message is displayed if user directly clicks on &#039;Punch In&#039; button" duration-ms="25121" started-at="2015-11-17T09:13:14Z" finished-at="2015-11-17T09:13:39Z">
      <class name="com.zinghr.login.index.LoginIndex">
        <test-method status="PASS" signature="fetchSuiteConfiguration(org.testng.ITestContext)[pri:0, instance:com.zinghr.login.index.LoginIndex@1dc03ce]" name="fetchSuiteConfiguration" is-config="true" duration-ms="0" started-at="2015-11-17T14:43:14Z" finished-at="2015-11-17T14:43:14Z">
          <params>
            <param index="0">
              <value>
                <![CDATA[org.testng.TestRunner@1b6512]]>
              </value>
            </param>
          </params>
          <reporter-output>
          </reporter-output>
        </test-method> <!-- fetchSuiteConfiguration -->
        <test-method status="PASS" signature="setUp(java.lang.reflect.Method, org.testng.ITestContext)[pri:0, instance:com.zinghr.login.index.LoginIndex@1dc03ce]" name="setUp" is-config="true" duration-ms="12024" started-at="2015-11-17T14:43:14Z" finished-at="2015-11-17T14:43:26Z">
          <params>
            <param index="0">
              <value>
[...]
            </line>
            <line>
              <![CDATA[<br><Strong><font color=#008000>Pass</font></strong>]]>
            </line>
            <line>
              <![CDATA[<br></br>Step 5: Click on 'back to login' button]]>
            </line>
            <line>
              <![CDATA[<br></br>To verify that user is redirected to Login page after clicking on 'Back to login' hyperlink]]>
            </line>
            <line>
              <![CDATA[<br><Strong><font color=#008000>Pass</font></strong>]]>
            </line>
          </reporter-output>
        </test-method> <!-- back_to_login_button -->
        <test-method status="PASS" signature="tearDown(org.testng.ITestResult)[pri:0, instance:com.zinghr.login.index.LoginIndex@23a2f9]" name="tearDown" is-config="true" duration-ms="10466" started-at="2015-11-17T14:47:05Z" finished-at="2015-11-17T14:47:16Z">
          <params>
            <param index="0">
              <value>
                <![CDATA[[TestResult name=back_to_login_button status=SUCCESS method=LoginIndex.back_to_login_button()[pri:0, instance:com.zinghr.login.index.LoginIndex@23a2f9] output=<br></br>Test Case Id : FP_06 ]]]>
              </value>
            </param>
          </params>
          <reporter-output>
          </reporter-output>
        </test-method> <!-- tearDown -->
      </class> <!-- com.zinghr.login.index.LoginIndex -->
    </test> <!-- FP_06: To verify that user is redirected to Login page after clicking on 'Back to login' hyperlink -->
    <test name="L_16: To verify that user is redirected to targeted page after clicking on social icons(fb,twitter,g+,ln,youtube" duration-ms="264122" started-at="2015-11-17T09:12:54Z" finished-at="2015-11-17T09:17:18Z">
      <class name="com.zinghr.login.index.LoginIndex">
        <test-method status="PASS" signature="fetchSuiteConfiguration(org.testng.ITestContext)[pri:0, instance:com.zinghr.login.index.LoginIndex@af6cff]" name="fetchSuiteConfiguration" is-config="true" duration-ms="0" started-at="2015-11-17T14:42:54Z" finished-at="2015-11-17T14:42:54Z">
          <params>
            <param index="0">
              <value>
                <![CDATA[org.testng.TestRunner@d7f8b4]]>
              </value>
            </param>
          </params>
          <reporter-output>
          </reporter-output>
        </test-method> <!-- fetchSuiteConfiguration -->
        <test-method status="PASS" signature="setUp(java.lang.reflect.Method, org.testng.ITestContext)[pri:0, instance:com.zinghr.login.index.LoginIndex@af6cff]" name="setUp" is-config="true" duration-ms="8980" started-at="2015-11-17T14:42:54Z" finished-at="2015-11-17T14:43:03Z">
          <params>
            <param index="0">
              <value>
                <![CDATA[public void com.zinghr.login.index.LoginIndex.verifysocialicons()]]>
              </value>
            </param>
            <param index="1">
              <value>
                <![CDATA[org.testng.TestRunner@d7f8b4]]>
              </value>
            </param>
          </params>
          <reporter-output>
          </reporter-output>
        </test-method> <!-- setUp -->
        <test-method status="PASS" signature="verifysocialicons()[pri:0, instance:com.zinghr.login.index.LoginIndex@af6cff]" name="verifysocialicons" duration-ms="244525" started-at="2015-11-17T14:43:03Z" finished-at="2015-11-17T14:47:08Z">
          <reporter-output>
            <line>
              <![CDATA[<br></br>Test Case Id : L_16 ]]>
            </line>
            <line>
              <![CDATA[<br></br>Step 1 : Open url:<a href=http://automation.zinghr.com/2015/pages/Authentication/login.aspx>http://automation.zinghr.com/2015/pages/Authentication/login.aspx</a>]]>
            </line>
            <line>
              <![CDATA[<br></br>Verify that ZingHR login page is open or not.]]>
            </line>
            <line>
              <![CDATA[<br><Strong><font color=#008000>Pass</font></strong>]]>
            </line>
            <line>
              <![CDATA[<br></br>Step 2: Click on facebook icon.]]>
            </line>
            <line>
              <![CDATA[<br></br>To verify facebook is open.]]>
            </line>
            <line>
              <![CDATA[<br><Strong><font color=#008000>Pass</font></strong>]]>
            </line>
            <line>
              <![CDATA[<br></br>Step 3: Click on twitter icon.]]>
            </line>
            <line>
              <![CDATA[<br></br>To verify twitter is open.]]>
            </line>
            <line>
              <![CDATA[<br><Strong><font color=#008000>Pass</font></strong>]]>
            </line>
            <line>
              <![CDATA[<br></br>Step 4: Click on youtube icon.]]>
            </line>
            <line>
              <![CDATA[<br></br>To verify youtube is open.]]>
            </line>
            <line>
              <![CDATA[<br><Strong><font color=#008000>Pass</font></strong>]]>
            </line>
            <line>
              <![CDATA[<br></br>Step 5: Click on Gplus icon.]]>
            </line>
            <line>
              <![CDATA[<br></br>To verify Gplus is open.]]>
            </line>
            <line>
              <![CDATA[<br><Strong><font color=#008000>Pass</font></strong>]]>
            </line>
            <line>
              <![CDATA[<br></br>Step 6: Click on linkedin icon.]]>
            </line>
            <line>
              <![CDATA[<br></br>To verify linkedin is open.]]>
            </line>
            <line>
              <![CDATA[<br><Strong><font color=#008000>Pass</font></strong>]]>
            </line>
          </reporter-output>
        </test-method> <!-- verifysocialicons -->
        <test-method status="PASS" signature="tearDown(org.testng.ITestResult)[pri:0, instance:com.zinghr.login.index.LoginIndex@af6cff]" name="tearDown" is-config="true" duration-ms="10615" started-at="2015-11-17T14:47:08Z" finished-at="2015-11-17T14:47:18Z">
          <params>
            <param index="0">
              <value>
                <![CDATA[[TestResult name=verifysocialicons status=SUCCESS method=LoginIndex.verifysocialicons()[pri:0, instance:com.zinghr.login.index.LoginIndex@af6cff] output=<br></br>Test Case Id : L_16 ]]]>
              </value>
            </param>
          </params>
          <reporter-output>
          </reporter-output>
        </test-method> <!-- tearDown -->
      </class> <!-- com.zinghr.login.index.LoginIndex -->
    </test> <!-- L_16: To verify that user is redirected to targeted page after clicking on social icons(fb,twitter,g+,ln,youtube -->
    <test name="FP_05: To verify that successful message is displayed after clicking on Submit button (For both Mobile and email)" duration-ms="55502" started-at="2015-11-17T09:16:36Z" finished-at="2015-11-17T09:17:32Z">
      <class name="com.zinghr.login.index.LoginIndex">
        <test-method status="PASS" signature="fetchSuiteConfiguration(org.testng.ITestContext)[pri:0, instance:com.zinghr.login.index.LoginIndex@be2bc2]" name="fetchSuiteConfiguration" is-config="true" duration-ms="1" started-at="2015-11-17T14:46:36Z" finished-at="2015-11-17T14:46:36Z">
          <params>
            <param index="0">
              <value>
                <![CDATA[org.testng.TestRunner@309d4d]]>
              </value>
            </param>
          </params>
          <reporter-output>
          </reporter-output>
        </test-method> <!-- fetchSuiteConfiguration -->
        <test-method status="PASS" signature="setUp(java.lang.reflect.Method, org.testng.ITestContext)[pri:0, instance:com.zinghr.login.index.LoginIndex@be2bc2]" name="setUp" is-config="true" duration-ms="14659" started-at="2015-11-17T14:46:36Z" finished-at="2015-11-17T14:46:51Z">
          <params>
            <param index="0">
              <value>
                <![CDATA[public void com.zinghr.login.index.LoginIndex.Fargot_password_enter_valid_data_in_company_employee_code()]]>
              </value>
            </param>
            <param index="1">
              <value>
                <![CDATA[org.testng.TestRunner@309d4d]]>
              </value>
            </param>
          </params>
          <reporter-output>
          </reporter-output>
        </test-method> <!-- setUp -->
        <test-method status="FAIL" signature="Fargot_password_enter_valid_data_in_company_employee_code()[pri:0, instance:com.zinghr.login.index.LoginIndex@be2bc2]" name="Fargot_password_enter_valid_data_in_company_employee_code" duration-ms="40288" started-at="2015-11-17T14:46:51Z" finished-at="2015-11-17T14:47:31Z">
          <exception class="org.openqa.selenium.NoSuchElementException">
            <message>
              <![CDATA[Unable to locate element: {"method":"xpath","selector":".//span[contains(text(),'Company Code Incorrect')]"}
For documentation on this error, please visit: http://seleniumhq.org/exceptions/no_such_element.html
Build info: version: '2.48.1', revision: 'd80083d', time: '2015-10-08 21:11:00'
System info: host: 'KQSPL-R', ip: '192.168.1.78', os.name: 'Windows 8', os.arch: 'x86', os.version: '6.2', java.version: '1.8.0_60'
Driver info: driver.version: unknown
Command duration or timeout: 30.46 seconds
For documentation on this error, please visit: http://seleniumhq.org/exceptions/no_such_element.html
Build info: version: '2.47.1', revision: '411b314', time: '2015-07-30 03:03:16'
System info: host: 'KQSPL-R', ip: '192.168.1.78', os.name: 'Windows 8', os.arch: 'x86', os.version: '6.2', java.version: '1.8.0_60'
Driver info: org.openqa.selenium.remote.RemoteWebDriver
Capabilities [{applicationCacheEnabled=true, rotatable=false, handlesAlerts=true, databaseEnabled=true, version=42.0, platform=WINDOWS, nativeEvents=false, acceptSslCerts=true, webdriver.remote.sessionid=7176c6d5-acae-4810-b02c-24b9d2dd6d23, webStorageEnabled=true, locationContextEnabled=true, browserName=firefox, takesScreenshot=true, javascriptEnabled=true, cssSelectorsEnabled=true}]
Session ID: 7176c6d5-acae-4810-b02c-24b9d2dd6d23
*** Element info: {Using=xpath, value=.//span[contains(text(),'Company Code Incorrect')]}]]>
            </message>
            <full-stacktrace>
              <![CDATA[org.openqa.selenium.NoSuchElementException: Unable to locate element: {"method":"xpath","selector":".//span[contains(text(),'Company Code Incorrect')]"}
For documentation on this error, please visit: http://seleniumhq.org/exceptions/no_such_element.html
Build info: version: '2.48.1', revision: 'd80083d', time: '2015-10-08 21:11:00'
System info: host: 'KQSPL-R', ip: '192.168.1.78', os.name: 'Windows 8', os.arch: 'x86', os.version: '6.2', java.version: '1.8.0_60'
Driver info: driver.version: unknown
Command duration or timeout: 30.46 seconds
For documentation on this error, please visit: http://seleniumhq.org/exceptions/no_such_element.html
Build info: version: '2.47.1', revision: '411b314', time: '2015-07-30 03:03:16'
System info: host: 'KQSPL-R', ip: '192.168.1.78', os.name: 'Windows 8', os.arch: 'x86', os.version: '6.2', java.version: '1.8.0_60'
Driver info: org.openqa.selenium.remote.RemoteWebDriver
Capabilities [{applicationCacheEnabled=true, rotatable=false, handlesAlerts=true, databaseEnabled=true, version=42.0, platform=WINDOWS, nativeEvents=false, acceptSslCerts=true, webdriver.remote.sessionid=7176c6d5-acae-4810-b02c-24b9d2dd6d23, webStorageEnabled=true, locationContextEnabled=true, browserName=firefox, takesScreenshot=true, javascriptEnabled=true, cssSelectorsEnabled=true}]
Session ID: 7176c6d5-acae-4810-b02c-24b9d2dd6d23
*** Element info: {Using=xpath, value=.//span[contains(text(),'Company Code Incorrect')]}
	at sun.reflect.NativeConstructorAccessorImpl.newInstance0(Native Method)
	at sun.reflect.NativeConstructorAccessorImpl.newInstance(Unknown Source)
	at sun.reflect.DelegatingConstructorAccessorImpl.newInstance(Unknown Source)
	at java.lang.reflect.Constructor.newInstance(Unknown Source)
	at org.openqa.selenium.remote.ErrorHandler.createThrowable(ErrorHandler.java:206)
	at org.openqa.selenium.remote.ErrorHandler.throwIfResponseFailed(ErrorHandler.java:158)
	at org.openqa.selenium.remote.RemoteWebDriver.execute(RemoteWebDriver.java:595)
	at org.openqa.selenium.remote.RemoteWebDriver.findElement(RemoteWebDriver.java:348)
	at org.openqa.selenium.remote.RemoteWebDriver.findElementByXPath(RemoteWebDriver.java:445)
	at org.openqa.selenium.By$ByXPath.findElement(By.java:358)
	at org.openqa.selenium.remote.RemoteWebDriver.findElement(RemoteWebDriver.java:340)
	at com.zinghr.login.verification.LoginVerificationPage.Forgot_password_enter_valid_data_in_company_employee_code_verification(LoginVerificationPage.java:352)
	at com.zinghr.login.index.LoginIndex.Fargot_password_enter_valid_data_in_company_employee_code(LoginIndex.java:824)
	at sun.reflect.NativeMethodAccessorImpl.invoke0(Native Method)
	at sun.reflect.NativeMethodAccessorImpl.invoke(Unknown Source)
	at sun.reflect.DelegatingMethodAccessorImpl.invoke(Unknown Source)
	at java.lang.reflect.Method.invoke(Unknown Source)
	at org.testng.internal.MethodInvocationHelper.invokeMethod(MethodInvocationHelper.java:84)
	at org.testng.internal.Invoker.invokeMethod(Invoker.java:714)
	at org.testng.internal.Invoker.invokeTestMethod(Invoker.java:901)
	at org.testng.internal.Invoker.invokeTestMethods(Invoker.java:1231)
	at org.testng.internal.TestMethodWorker.invokeTestMethods(TestMethodWorker.java:127)
	at org.testng.internal.TestMethodWorker.run(TestMethodWorker.java:111)
	at org.testng.TestRunner.privateRun(TestRunner.java:767)
	at org.testng.TestRunner.run(TestRunner.java:617)
	at org.testng.SuiteRunner.runTest(SuiteRunner.java:334)
	at org.testng.SuiteRunner.access$000(SuiteRunner.java:37)
	at org.testng.SuiteRunner$SuiteWorker.run(SuiteRunner.java:368)
	at org.testng.internal.thread.ThreadUtil$2.call(ThreadUtil.java:64)
	at java.util.concurrent.FutureTask.run(Unknown Source)
	at java.util.concurrent.ThreadPoolExecutor.runWorker(Unknown Source)
	at java.util.concurrent.ThreadPoolExecutor$Worker.run(Unknown Source)
	at java.lang.Thread.run(Unknown Source)
Caused by: org.openqa.selenium.remote.ScreenshotException: Screen shot has been taken
Build info: version: '2.47.1', revision: '411b314', time: '2015-07-30 03:03:16'
System info: host: 'KQSPL-R', ip: '192.168.1.78', os.name: 'Windows 8', os.arch: 'x86', os.version: '6.2', java.version: '1.8.0_60'
Driver info: driver.version: RemoteWebDriver
	at org.openqa.selenium.remote.ErrorHandler.throwIfResponseFailed(ErrorHandler.java:138)
	... 27 more
Caused by: org.openqa.selenium.NoSuchElementException: Unable to locate element: {"method":"xpath","selector":".//span[contains(text(),'Company Code Incorrect')]"}
For documentation on this error, please visit: http://seleniumhq.org/exceptions/no_such_element.html
Build info: version: '2.48.1', revision: 'd80083d', time: '2015-10-08 21:11:00'
System info: host: 'KQSPL-R', ip: '192.168.1.78', os.name: 'Windows 8', os.arch: 'x86', os.version: '6.2', java.version: '1.8.0_60'
Driver info: driver.version: unknown
For documentation on this error, please visit: http://seleniumhq.org/exceptions/no_such_element.html
Build info: version: '2.47.1', revision: '411b314', time: '2015-07-30 03:03:16'
System info: host: 'KQSPL-R', ip: '192.168.1.78', os.name: 'Windows 8', os.arch: 'x86', os.version: '6.2', java.version: '1.8.0_60'
Driver info: driver.version: unknown
	at <anonymous class>.FirefoxDriver.prototype.findElementInternal_(file:///C:/Users/KQSPL_R/AppData/Local/Temp/anonymous8791730366274680773webdriver-profile/extensions/fxdriver@googlecode.com/components/driver-component.js:10659)
	at <anonymous class>.fxdriver.Timer.prototype.setTimeout/<.notify(file:///C:/Users/KQSPL_R/AppData/Local/Temp/anonymous8791730366274680773webdriver-profile/extensions/fxdriver@googlecode.com/components/driver-component.js:621)
]]>
            </full-stacktrace>
          </exception> <!-- org.openqa.selenium.NoSuchElementException -->
          <reporter-output>
            <line>
              <![CDATA[<br></br>Test Case Id : FP_05 ]]>
            </line>
            <line>
              <![CDATA[<br></br>Step 1 : Open url:<a href=http://automation.zinghr.com/2015/pages/Authentication/login.aspx>http://automation.zinghr.com/2015/pages/Authentication/login.aspx</a>]]>
            </line>
            <line>
              <![CDATA[<br></br>Verify that ZingHR login page is open or not.]]>
            </line>
            <line>
              <![CDATA[<br><Strong><font color=#008000>Pass</font></strong>]]>
            </line>
            <line>
              <![CDATA[<br></br>Step 2: Enter Company Code:KIWIQA]]>
            </line>
            <line>
              <![CDATA[<br></br>Step 3: Enter Employee Code:Admin]]>
            </line>
            <line>
              <![CDATA[<br></br>Step 4: Click Forgot Password hyperlink.]]>
            </line>
            <line>
              <![CDATA[<br></br>To verify that user is redirected to Forgot password page after clicking on Forgot Password hyperlink]]>
            </line>
            <line>
              <![CDATA[<br><Strong><font color=#008000>Pass</font></strong>]]>
            </line>
            <line>
              <![CDATA[<br></br>Step 5: Enter invalid Company Code:KIWIQA]]>
            </line>
            <line>
              <![CDATA[<br></br>Step 6: Enter invalid Employee Code:Admin]]>
            </line>
            <line>
              <![CDATA[<br></br>Step 7: Click on submit button]]>
            </line>
            <line>
              <![CDATA[<br></br>To verify that successful message is displayed after clicking on Submit button (For both Mobile and email)]]>
            </line>
            <line>
              <![CDATA[<br> <b>Please look to the screenshot - </b>]]>
            </line>
            <line>
              <![CDATA[<br><Strong><font color=#FF0000>--Failed</font></strong>]]>
            </line>
            <line>
              <![CDATA[<a href='../test-output/screenshots/1117144731675Fargot_password_enter_valid_data_in_company_employee_code.png' target='_new'>1117144731675Fargot_password_enter_valid_data_in_company_employee_code.png</a>]]>
            </line>
            <line>
              <![CDATA[<br></br><h3>Failure Reason:</h3>]]>
            </line>
            <line>
              <![CDATA[<br></br>org.openqa.selenium.NoSuchElementException: Unable to locate element: {&quot;method&quot;:&quot;xpath&quot;,&quot;selector&quot;:&quot;.//span[contains(text(),&apos;Company Code Incorrect&apos;)]&quot;}]]>
            </line>
          </reporter-output>
        </test-method> <!-- Fargot_password_enter_valid_data_in_company_employee_code -->
        <test-method status="PASS" signature="tearDown(org.testng.ITestResult)[pri:0, instance:com.zinghr.login.index.LoginIndex@be2bc2]" name="tearDown" is-config="true" duration-ms="552" started-at="2015-11-17T14:47:31Z" finished-at="2015-11-17T14:47:32Z">
          <params>
            <param index="0">
              <value>
                <![CDATA[[TestResult name=Fargot_password_enter_valid_data_in_company_employee_code status=FAILURE method=LoginIndex.Fargot_password_enter_valid_data_in_company_employee_code()[pri:0, instance:com.zinghr.login.index.LoginIndex@be2bc2] output=<br></br>Test Case Id : FP_05 ]]]>
              </value>
            </param>
          </params>
          <reporter-output>
          </reporter-output>
        </test-method> <!-- tearDown -->
      </class> <!-- com.zinghr.login.index.LoginIndex -->
    </test> <!-- FP_05: To verify that successful message is displayed after clicking on Submit button (For both Mobile and email) -->
  </suite> <!-- Login -->
</testng-results>
