<?xml version="1.0" encoding="UTF-8"?>
<testsuite name="TestSuite" time="412.912" tests="21" errors="0" skipped="0" failures="0">
  <properties>
[...]
</properties>
  <testcase name="SignUpPage" classname="com.zinghr.signup.index.SignupIndex" time="1.067"/>
  <testcase name="SignUpSuccessfully" classname="com.zinghr.signup.index.SignupIndex" time="23.596"/>
  <testcase name="companynameField1" classname="com.zinghr.signup.index.SignupIndex" time="21.523"/>
  <testcase name="companynameField2" classname="com.zinghr.signup.index.SignupIndex" time="21.39"/>
  <testcase name="companynameField3" classname="com.zinghr.signup.index.SignupIndex" time="21.397"/>
  <testcase name="companynameField4" classname="com.zinghr.signup.index.SignupIndex" time="19.129"/>
  <testcase name="displaynameField1" classname="com.zinghr.signup.index.SignupIndex" time="21.356"/>
  <testcase name="displaynameField2" classname="com.zinghr.signup.index.SignupIndex" time="21.37"/>
  <testcase name="displaynameField3" classname="com.zinghr.signup.index.SignupIndex" time="21.883"/>
  <testcase name="emailidField1" classname="com.zinghr.signup.index.SignupIndex" time="22.445"/>
  <testcase name="emailidField2" classname="com.zinghr.signup.index.SignupIndex" time="21.622"/>
  <testcase name="emailidField3" classname="com.zinghr.signup.index.SignupIndex" time="22.321"/>
  <testcase name="selectCountry" classname="com.zinghr.signup.index.SignupIndex" time="17.152"/>
  <testcase name="selectNoCountry" classname="com.zinghr.signup.index.SignupIndex" time="19.213"/>
  <testcase name="contactNumField1" classname="com.zinghr.signup.index.SignupIndex" time="20.722"/>
  <testcase name="contactNumField2" classname="com.zinghr.signup.index.SignupIndex" time="19.324"/>
  <testcase name="contactNumField3" classname="com.zinghr.signup.index.SignupIndex" time="19.414"/>
  <testcase name="contactNumField4" classname="com.zinghr.signup.index.SignupIndex" time="19.878"/>
  <testcase name="termsAndprivacy" classname="com.zinghr.signup.index.SignupIndex" time="13.584"/>
  <testcase name="checkbox" classname="com.zinghr.signup.index.SignupIndex" time="22.102"/>
  <testcase name="activationPage" classname="com.zinghr.signup.index.SignupIndex" time="22.424"/>
</testsuite>