<?xml version="1.0" encoding="UTF-8"?>
<testng-results skipped="0" failed="0" total="6" passed="6">
  <reporter-output>
    <line>
      <![CDATA[<br></br>Step 1 : Open url:<a>http://automation.zinghr.com/2015/pages/Authentication/login.aspx</a>]]>
    </line>
    <line>
      <![CDATA[<br></br>Verify that ZingHR login page is open or not.]]>
    </line>
    <line>
      <![CDATA[<br><Strong><font color=#008000>Pass</font></strong>]]>
    </line>
    <line>
      <![CDATA[<br></br>Step 2: Enter Company Code:KIWIQA]]>
    </line>
    <line>
      <![CDATA[<br></br>Company code field id editable or not]]>
    </line>
    <line>
      <![CDATA[<br><Strong><font color=#008000>Pass</font></strong>]]>
    </line>
    <line>
      <![CDATA[<br></br>Step 1 : Open url:<a>http://automation.zinghr.com/2015/pages/Authentication/login.aspx</a>]]>
    </line>
    <line>
      <![CDATA[<br></br>Verify that ZingHR login page is open or not.]]>
    </line>
    <line>
      <![CDATA[<br><Strong><font color=#008000>Pass</font></strong>]]>
    </line>
    <line>
      <![CDATA[<br></br>Step 1 : Open url:<a>http://automation.zinghr.com/2015/pages/Authentication/login.aspx</a>]]>
    </line>
    <line>
      <![CDATA[<br></br>Verify that ZingHR login page is open or not.]]>
    </line>
    <line>
      <![CDATA[<br><Strong><font color=#008000>Pass</font></strong>]]>
    </line>
    <line>
      <![CDATA[<br></br>Step 2: Enter Company Code:KIWIQA]]>
    </line>
    <line>
      <![CDATA[<br></br>Step 3: Enter Employee Code: Admin]]>
    </line>
    <line>
      <![CDATA[<br></br>Step 4: Enter Password: Admin@123]]>
    </line>
    <line>
      <![CDATA[<br></br>Step 1 : Open url:<a>http://automation.zinghr.com/2015/pages/Authentication/login.aspx</a>]]>
    </line>
    <line>
      <![CDATA[<br></br>Verify that ZingHR login page is open or not.]]>
    </line>
    <line>
      <![CDATA[<br><Strong><font color=#008000>Pass</font></strong>]]>
    </line>
    <line>
      <![CDATA[<br></br>Step 2: Enter Employeey Code:Admin]]>
    </line>
    <line>
      <![CDATA[<br></br>Employee code field id editable or not]]>
    </line>
    <line>
      <![CDATA[<br><Strong><font color=#008000>Pass</font></strong>]]>
    </line>
    <line>
      <![CDATA[<br></br>Step 1 : Open url:<a>http://automation.zinghr.com/2015/pages/Authentication/login.aspx</a>]]>
    </line>
    <line>
      <![CDATA[<br></br>Verify that ZingHR login page is open or not.]]>
    </line>
    <line>
      <![CDATA[<br><Strong><font color=#008000>Pass</font></strong>]]>
    </line>
    <line>
      <![CDATA[<br></br>Verify that Home page is open or not]]>
    </line>
    <line>
      <![CDATA[<br><Strong><font color=#008000>Pass</font></strong>]]>
    </line>
    <line>
      <![CDATA[<br></br>To verify that alert message is displayed if user logins with empty Company Code]]>
    </line>
    <line>
      <![CDATA[<br><Strong><font color=#008000>Pass</font></strong>]]>
    </line>
    <line>
      <![CDATA[<br></br>Step 1 : Open url:<a>http://automation.zinghr.com/2015/pages/Authentication/login.aspx</a>]]>
    </line>
    <line>
      <![CDATA[<br></br>Verify that ZingHR login page is open or not.]]>
    </line>
    <line>
      <![CDATA[<br><Strong><font color=#008000>Pass</font></strong>]]>
    </line>
    <line>
      <![CDATA[<br></br>Step 2: Enter Employeey Code:Admin]]>
    </line>
    <line>
      <![CDATA[<br></br>To verify that alert message is displayed if user logins with empty Employee Code]]>
    </line>
    <line>
      <![CDATA[<br><Strong><font color=#008000>Pass</font></strong>]]>
    </line>
  </reporter-output>
  <suite name="Login" duration-ms="80390" started-at="2015-11-07T12:48:59Z" finished-at="2015-11-07T12:50:20Z">
    <groups>
    </groups>
    <test name="Company code field is editable or not" duration-ms="23853" started-at="2015-11-07T12:48:59Z" finished-at="2015-11-07T12:49:23Z">
      <class name="com.zinghr.login.index.LoginIndex">
        <test-method status="PASS" signature="fetchSuiteConfiguration(org.testng.ITestContext)[pri:0, instance:com.zinghr.login.index.LoginIndex@108b2d7]" name="fetchSuiteConfiguration" is-config="true" duration-ms="8" started-at="2015-11-07T18:18:59Z" finished-at="2015-11-07T18:18:59Z">
          <params>
            <param index="0">
              <value>
                <![CDATA[org.testng.TestRunner@1efea79]]>
              </value>
            </param>
          </params>
          <reporter-output>
          </reporter-output>
        </test-method> <!-- fetchSuiteConfiguration -->
        <test-method status="PASS" signature="setUp(java.lang.reflect.Method, org.testng.ITestContext)[pri:0, instance:com.zinghr.login.index.LoginIndex@108b2d7]" name="setUp" is-config="true" duration-ms="9824" started-at="2015-11-07T18:18:59Z" finished-at="2015-11-07T18:19:09Z">
          <params>
            <param index="0">
              <value>
                <![CDATA[public void com.zinghr.login.index.LoginIndex.compnycodeeditableornot()]]>
              </value>
            </param>
            <param index="1">
              <value>
                <![CDATA[org.testng.TestRunner@1efea79]]>
              </value>
            </param>
          </params>
          <reporter-output>
          </reporter-output>
        </test-method> <!-- setUp -->
        <test-method status="PASS" signature="compnycodeeditableornot()[pri:0, instance:com.zinghr.login.index.LoginIndex@108b2d7]" name="compnycodeeditableornot" duration-ms="1952" started-at="2015-11-07T18:19:09Z" finished-at="2015-11-07T18:19:11Z">
          <reporter-output>
            <line>
              <![CDATA[<br></br>Step 1 : Open url:<a>http://automation.zinghr.com/2015/pages/Authentication/login.aspx</a>]]>
            </line>
            <line>
              <![CDATA[<br></br>Verify that ZingHR login page is open or not.]]>
            </line>
            <line>
              <![CDATA[<br><Strong><font color=#008000>Pass</font></strong>]]>
            </line>
            <line>
              <![CDATA[<br></br>Step 2: Enter Company Code:KIWIQA]]>
            </line>
            <line>
              <![CDATA[<br></br>Company code field id editable or not]]>
            </line>
            <line>
              <![CDATA[<br><Strong><font color=#008000>Pass</font></strong>]]>
            </line>
          </reporter-output>
        </test-method> <!-- compnycodeeditableornot -->
        <test-method status="PASS" signature="tearDown(org.testng.ITestResult)[pri:0, instance:com.zinghr.login.index.LoginIndex@108b2d7]" name="tearDown" is-config="true" duration-ms="12058" started-at="2015-11-07T18:19:11Z" finished-at="2015-11-07T18:19:23Z">
          <params>
            <param index="0">
              <value>
                <![CDATA[[TestResult name=compnycodeeditableornot status=SUCCESS method=LoginIndex.compnycodeeditableornot()[pri:0, instance:com.zinghr.login.index.LoginIndex@108b2d7] output=<br></br>Step 1 : Open url:<a>http://automation.zinghr.com/2015/pages/Authentication/login.aspx</a>]]]>
              </value>
            </param>
          </params>
          <reporter-output>
          </reporter-output>
        </test-method> <!-- tearDown -->
      </class> <!-- com.zinghr.login.index.LoginIndex -->
    </test> <!-- Company code field is editable or not -->
    <test name="login page verification" duration-ms="31780" started-at="2015-11-07T12:48:59Z" finished-at="2015-11-07T12:49:31Z">
      <class name="com.zinghr.login.index.LoginIndex">
        <test-method status="PASS" signature="fetchSuiteConfiguration(org.testng.ITestContext)[pri:0, instance:com.zinghr.login.index.LoginIndex@18ceff1]" name="fetchSuiteConfiguration" is-config="true" duration-ms="9" started-at="2015-11-07T18:18:59Z" finished-at="2015-11-07T18:18:59Z">
          <params>
            <param index="0">
              <value>
                <![CDATA[org.testng.TestRunner@1081592]]>
              </value>
            </param>
          </params>
          <reporter-output>
          </reporter-output>
        </test-method> <!-- fetchSuiteConfiguration -->
        <test-method status="PASS" signature="setUp(java.lang.reflect.Method, org.testng.ITestContext)[pri:0, instance:com.zinghr.login.index.LoginIndex@18ceff1]" name="setUp" is-config="true" duration-ms="19856" started-at="2015-11-07T18:18:59Z" finished-at="2015-11-07T18:19:19Z">
          <params>
            <param index="0">
              <value>
                <![CDATA[public void com.zinghr.login.index.LoginIndex.loginlandingpage()]]>
              </value>
            </param>
            <param index="1">
              <value>
                <![CDATA[org.testng.TestRunner@1081592]]>
              </value>
            </param>
          </params>
          <reporter-output>
          </reporter-output>
        </test-method> <!-- setUp -->
        <test-method status="PASS" signature="loginlandingpage()[pri:0, instance:com.zinghr.login.index.LoginIndex@18ceff1]" name="loginlandingpage" duration-ms="1143" started-at="2015-11-07T18:19:19Z" finished-at="2015-11-07T18:19:20Z">
          <reporter-output>
            <line>
              <![CDATA[<br></br>Step 1 : Open url:<a>http://automation.zinghr.com/2015/pages/Authentication/login.aspx</a>]]>
            </line>
            <line>
              <![CDATA[<br></br>Verify that ZingHR login page is open or not.]]>
            </line>
            <line>
              <![CDATA[<br><Strong><font color=#008000>Pass</font></strong>]]>
            </line>
          </reporter-output>
        </test-method> <!-- loginlandingpage -->
        <test-method status="PASS" signature="tearDown(org.testng.ITestResult)[pri:0, instance:com.zinghr.login.index.LoginIndex@18ceff1]" name="tearDown" is-config="true" duration-ms="10763" started-at="2015-11-07T18:19:20Z" finished-at="2015-11-07T18:19:31Z">
          <params>
            <param index="0">
              <value>
                <![CDATA[[TestResult name=loginlandingpage status=SUCCESS method=LoginIndex.loginlandingpage()[pri:0, instance:com.zinghr.login.index.LoginIndex@18ceff1] output=<br></br>Step 1 : Open url:<a>http://automation.zinghr.com/2015/pages/Authentication/login.aspx</a>]]]>
              </value>
            </param>
          </params>
          <reporter-output>
          </reporter-output>
        </test-method> <!-- tearDown -->
      </class> <!-- com.zinghr.login.index.LoginIndex -->
    </test> <!-- login page verification -->
    <test name="Employee code field is editable or not" duration-ms="25933" started-at="2015-11-07T12:49:23Z" finished-at="2015-11-07T12:49:49Z">
      <class name="com.zinghr.login.index.LoginIndex">
        <test-method status="PASS" signature="setUp(java.lang.reflect.Method, org.testng.ITestContext)[pri:0, instance:com.zinghr.login.index.LoginIndex@3498ed]" name="setUp" is-config="true" duration-ms="13384" started-at="2015-11-07T18:19:23Z" finished-at="2015-11-07T18:19:37Z">
          <params>
            <param index="0">
              <value>
                <![CDATA[public void com.zinghr.login.index.LoginIndex.employeecodeeditableornot()]]>
              </value>
            </param>
            <param index="1">
              <value>
                <![CDATA[org.testng.TestRunner@19a81e8]]>
              </value>
            </param>
          </params>
          <reporter-output>
          </reporter-output>
        </test-method> <!-- setUp -->
        <test-method status="PASS" signature="fetchSuiteConfiguration(org.testng.ITestContext)[pri:0, instance:com.zinghr.login.index.LoginIndex@3498ed]" name="fetchSuiteConfiguration" is-config="true" duration-ms="0" started-at="2015-11-07T18:19:23Z" finished-at="2015-11-07T18:19:23Z">
          <params>
            <param index="0">
              <value>
                <![CDATA[org.testng.TestRunner@19a81e8]]>
              </value>
            </param>
          </params>
          <reporter-output>
          </reporter-output>
        </test-method> <!-- fetchSuiteConfiguration -->
        <test-method status="PASS" signature="employeecodeeditableornot()[pri:0, instance:com.zinghr.login.index.LoginIndex@3498ed]" name="employeecodeeditableornot" duration-ms="858" started-at="2015-11-07T18:19:37Z" finished-at="2015-11-07T18:19:37Z">
          <reporter-output>
            <line>
              <![CDATA[<br></br>Step 1 : Open url:<a>http://automation.zinghr.com/2015/pages/Authentication/login.aspx</a>]]>
            </line>
            <line>
              <![CDATA[<br></br>Verify that ZingHR login page is open or not.]]>
            </line>
            <line>
              <![CDATA[<br><Strong><font color=#008000>Pass</font></strong>]]>
            </line>
            <line>
              <![CDATA[<br></br>Step 2: Enter Employeey Code:Admin]]>
            </line>
            <line>
              <![CDATA[<br></br>Employee code field id editable or not]]>
            </line>
            <line>
              <![CDATA[<br><Strong><font color=#008000>Pass</font></strong>]]>
            </line>
          </reporter-output>
        </test-method> <!-- employeecodeeditableornot -->
        <test-method status="PASS" signature="tearDown(org.testng.ITestResult)[pri:0, instance:com.zinghr.login.index.LoginIndex@3498ed]" name="tearDown" is-config="true" duration-ms="11690" started-at="2015-11-07T18:19:37Z" finished-at="2015-11-07T18:19:49Z">
          <params>
            <param index="0">
              <value>
                <![CDATA[[TestResult name=employeecodeeditableornot status=SUCCESS method=LoginIndex.employeecodeeditableornot()[pri:0, instance:com.zinghr.login.index.LoginIndex@3498ed] output=<br></br>Step 1 : Open url:<a>http://automation.zinghr.com/2015/pages/Authentication/login.aspx</a>]]]>
              </value>
            </param>
          </params>
          <reporter-output>
          </reporter-output>
        </test-method> <!-- tearDown -->
      </class> <!-- com.zinghr.login.index.LoginIndex -->
    </test> <!-- Employee code field is editable or not -->
    <test name="login with valid data" duration-ms="58306" started-at="2015-11-07T12:48:59Z" finished-at="2015-11-07T12:49:58Z">
      <class name="com.zinghr.login.index.LoginIndex">
        <test-method status="PASS" signature="fetchSuiteConfiguration(org.testng.ITestContext)[pri:0, instance:com.zinghr.login.index.LoginIndex@42b0a6]" name="fetchSuiteConfiguration" is-config="true" duration-ms="9" started-at="2015-11-07T18:18:59Z" finished-at="2015-11-07T18:18:59Z">
          <params>
            <param index="0">
              <value>
                <![CDATA[org.testng.TestRunner@1629756]]>
              </value>
            </param>
          </params>
          <reporter-output>
          </reporter-output>
        </test-method> <!-- fetchSuiteConfiguration -->
        <test-method status="PASS" signature="setUp(java.lang.reflect.Method, org.testng.ITestContext)[pri:0, instance:com.zinghr.login.index.LoginIndex@42b0a6]" name="setUp" is-config="true" duration-ms="32346" started-at="2015-11-07T18:18:59Z" finished-at="2015-11-07T18:19:32Z">
          <params>
            <param index="0">
              <value>
                <![CDATA[public void com.zinghr.login.index.LoginIndex.loginwithvalidcredential()]]>
              </value>
            </param>
            <param index="1">
              <value>
                <![CDATA[org.testng.TestRunner@1629756]]>
              </value>
            </param>
          </params>
          <reporter-output>
          </reporter-output>
        </test-method> <!-- setUp -->
        <test-method status="PASS" signature="loginwithvalidcredential()[pri:0, instance:com.zinghr.login.index.LoginIndex@42b0a6]" name="loginwithvalidcredential" duration-ms="14618" started-at="2015-11-07T18:19:32Z" finished-at="2015-11-07T18:19:46Z">
          <reporter-output>
            <line>
              <![CDATA[<br></br>Step 1 : Open url:<a>http://automation.zinghr.com/2015/pages/Authentication/login.aspx</a>]]>
            </line>
            <line>
              <![CDATA[<br></br>Verify that ZingHR login page is open or not.]]>
            </line>
            <line>
              <![CDATA[<br><Strong><font color=#008000>Pass</font></strong>]]>
            </line>
            <line>
              <![CDATA[<br></br>Step 2: Enter Company Code:KIWIQA]]>
            </line>
            <line>
              <![CDATA[<br></br>Step 3: Enter Employee Code: Admin]]>
            </line>
            <line>
              <![CDATA[<br></br>Step 4: Enter Password: Admin@123]]>
            </line>
            <line>
              <![CDATA[<br></br>Verify that Home page is open or not]]>
            </line>
            <line>
              <![CDATA[<br><Strong><font color=#008000>Pass</font></strong>]]>
            </line>
          </reporter-output>
        </test-method> <!-- loginwithvalidcredential -->
        <test-method status="PASS" signature="tearDown(org.testng.ITestResult)[pri:0, instance:com.zinghr.login.index.LoginIndex@42b0a6]" name="tearDown" is-config="true" duration-ms="11325" started-at="2015-11-07T18:19:46Z" finished-at="2015-11-07T18:19:58Z">
          <params>
            <param index="0">
              <value>
                <![CDATA[[TestResult name=loginwithvalidcredential status=SUCCESS method=LoginIndex.loginwithvalidcredential()[pri:0, instance:com.zinghr.login.index.LoginIndex@42b0a6] output=<br></br>Step 1 : Open url:<a>http://automation.zinghr.com/2015/pages/Authentication/login.aspx</a>]]]>
              </value>
            </param>
          </params>
          <reporter-output>
          </reporter-output>
        </test-method> <!-- tearDown -->
      </class> <!-- com.zinghr.login.index.LoginIndex -->
    </test> <!-- login with valid data -->
    <test name="Empty Company Code field" duration-ms="26571" started-at="2015-11-07T12:49:31Z" finished-at="2015-11-07T12:49:58Z">
      <class name="com.zinghr.login.index.LoginIndex">
        <test-method status="PASS" signature="setUp(java.lang.reflect.Method, org.testng.ITestContext)[pri:0, instance:com.zinghr.login.index.LoginIndex@da1055]" name="setUp" is-config="true" duration-ms="11949" started-at="2015-11-07T18:19:31Z" finished-at="2015-11-07T18:19:43Z">
          <params>
            <param index="0">
              <value>
                <![CDATA[public void com.zinghr.login.index.LoginIndex.blankcomponycode()]]>
              </value>
            </param>
            <param index="1">
              <value>
                <![CDATA[org.testng.TestRunner@ee68d8]]>
              </value>
            </param>
          </params>
          <reporter-output>
          </reporter-output>
        </test-method> <!-- setUp -->
        <test-method status="PASS" signature="fetchSuiteConfiguration(org.testng.ITestContext)[pri:0, instance:com.zinghr.login.index.LoginIndex@da1055]" name="fetchSuiteConfiguration" is-config="true" duration-ms="0" started-at="2015-11-07T18:19:31Z" finished-at="2015-11-07T18:19:31Z">
          <params>
            <param index="0">
              <value>
                <![CDATA[org.testng.TestRunner@ee68d8]]>
              </value>
            </param>
          </params>
          <reporter-output>
          </reporter-output>
        </test-method> <!-- fetchSuiteConfiguration -->
        <test-method status="PASS" signature="blankcomponycode()[pri:0, instance:com.zinghr.login.index.LoginIndex@da1055]" name="blankcomponycode" duration-ms="3720" started-at="2015-11-07T18:19:43Z" finished-at="2015-11-07T18:19:47Z">
          <reporter-output>
            <line>
              <![CDATA[<br></br>Step 1 : Open url:<a>http://automation.zinghr.com/2015/pages/Authentication/login.aspx</a>]]>
            </line>
            <line>
              <![CDATA[<br></br>Verify that ZingHR login page is open or not.]]>
            </line>
            <line>
              <![CDATA[<br><Strong><font color=#008000>Pass</font></strong>]]>
            </line>
            <line>
              <![CDATA[<br></br>To verify that alert message is displayed if user logins with empty Company Code]]>
            </line>
            <line>
              <![CDATA[<br><Strong><font color=#008000>Pass</font></strong>]]>
            </line>
          </reporter-output>
        </test-method> <!-- blankcomponycode -->
        <test-method status="PASS" signature="tearDown(org.testng.ITestResult)[pri:0, instance:com.zinghr.login.index.LoginIndex@da1055]" name="tearDown" is-config="true" duration-ms="10901" started-at="2015-11-07T18:19:47Z" finished-at="2015-11-07T18:19:58Z">
          <params>
            <param index="0">
              <value>
                <![CDATA[[TestResult name=blankcomponycode status=SUCCESS method=LoginIndex.blankcomponycode()[pri:0, instance:com.zinghr.login.index.LoginIndex@da1055] output=<br></br>Step 1 : Open url:<a>http://automation.zinghr.com/2015/pages/Authentication/login.aspx</a>]]]>
              </value>
            </param>
          </params>
          <reporter-output>
          </reporter-output>
        </test-method> <!-- tearDown -->
      </class> <!-- com.zinghr.login.index.LoginIndex -->
    </test> <!-- Empty Company Code field -->
    <test name="Empty Employee Code field" duration-ms="30546" started-at="2015-11-07T12:49:49Z" finished-at="2015-11-07T12:50:20Z">
      <class name="com.zinghr.login.index.LoginIndex">
        <test-method status="PASS" signature="setUp(java.lang.reflect.Method, org.testng.ITestContext)[pri:0, instance:com.zinghr.login.index.LoginIndex@d94a8b]" name="setUp" is-config="true" duration-ms="16689" started-at="2015-11-07T18:19:49Z" finished-at="2015-11-07T18:20:06Z">
          <params>
            <param index="0">
              <value>
                <![CDATA[public void com.zinghr.login.index.LoginIndex.blankemployeecode()]]>
              </value>
            </param>
            <param index="1">
              <value>
                <![CDATA[org.testng.TestRunner@15b5592]]>
              </value>
            </param>
          </params>
          <reporter-output>
          </reporter-output>
        </test-method> <!-- setUp -->
        <test-method status="PASS" signature="fetchSuiteConfiguration(org.testng.ITestContext)[pri:0, instance:com.zinghr.login.index.LoginIndex@d94a8b]" name="fetchSuiteConfiguration" is-config="true" duration-ms="0" started-at="2015-11-07T18:19:49Z" finished-at="2015-11-07T18:19:49Z">
          <params>
            <param index="0">
              <value>
                <![CDATA[org.testng.TestRunner@15b5592]]>
              </value>
            </param>
          </params>
          <reporter-output>
          </reporter-output>
        </test-method> <!-- fetchSuiteConfiguration -->
        <test-method status="PASS" signature="blankemployeecode()[pri:0, instance:com.zinghr.login.index.LoginIndex@d94a8b]" name="blankemployeecode" duration-ms="3376" started-at="2015-11-07T18:20:06Z" finished-at="2015-11-07T18:20:09Z">
          <reporter-output>
            <line>
              <![CDATA[<br></br>Step 1 : Open url:<a>http://automation.zinghr.com/2015/pages/Authentication/login.aspx</a>]]>
            </line>
            <line>
              <![CDATA[<br></br>Verify that ZingHR login page is open or not.]]>
            </line>
            <line>
              <![CDATA[<br><Strong><font color=#008000>Pass</font></strong>]]>
            </line>
            <line>
              <![CDATA[<br></br>Step 2: Enter Employeey Code:Admin]]>
            </line>
            <line>
              <![CDATA[<br></br>To verify that alert message is displayed if user logins with empty Employee Code]]>
            </line>
            <line>
              <![CDATA[<br><Strong><font color=#008000>Pass</font></strong>]]>
            </line>
          </reporter-output>
        </test-method> <!-- blankemployeecode -->
        <test-method status="PASS" signature="tearDown(org.testng.ITestResult)[pri:0, instance:com.zinghr.login.index.LoginIndex@d94a8b]" name="tearDown" is-config="true" duration-ms="10479" started-at="2015-11-07T18:20:09Z" finished-at="2015-11-07T18:20:20Z">
          <params>
            <param index="0">
              <value>
                <![CDATA[[TestResult name=blankemployeecode status=SUCCESS method=LoginIndex.blankemployeecode()[pri:0, instance:com.zinghr.login.index.LoginIndex@d94a8b] output=<br></br>Step 1 : Open url:<a>http://automation.zinghr.com/2015/pages/Authentication/login.aspx</a>]]]>
              </value>
            </param>
          </params>
          <reporter-output>
          </reporter-output>
        </test-method> <!-- tearDown -->
      </class> <!-- com.zinghr.login.index.LoginIndex -->
    </test> <!-- Empty Employee Code field -->
  </suite> <!-- Login -->
</testng-results>
